[1.080s] Invoking command in '/home/aa/dev_ws/AIE_Final-main/control/controller_package/src/robot_controller': PYTHONPATH=/home/aa/dev_ws/AIE_Final-main/control/controller_package/build/robot_controller/prefix_override:/usr/lib/python3/dist-packages/colcon_core/task/python/colcon_distutils_commands:/home/aa/dev_ws/AIE_Final-main/control/controller_package/install/robot_controller/lib/python3.10/site-packages:${PYTHONPATH} /usr/bin/python3 -W ignore:setup.py install is deprecated setup.py egg_info --egg-base ../../build/robot_controller build --build-base /home/aa/dev_ws/AIE_Final-main/control/controller_package/build/robot_controller/build install --record /home/aa/dev_ws/AIE_Final-main/control/controller_package/build/robot_controller/install.log --single-version-externally-managed install_data
[1.303s] running egg_info
[1.304s] creating ../../build/robot_controller/robot_controller.egg-info
[1.305s] writing ../../build/robot_controller/robot_controller.egg-info/PKG-INFO
[1.305s] writing dependency_links to ../../build/robot_controller/robot_controller.egg-info/dependency_links.txt
[1.305s] writing entry points to ../../build/robot_controller/robot_controller.egg-info/entry_points.txt
[1.305s] writing requirements to ../../build/robot_controller/robot_controller.egg-info/requires.txt
[1.305s] writing top-level names to ../../build/robot_controller/robot_controller.egg-info/top_level.txt
[1.305s] writing manifest file '../../build/robot_controller/robot_controller.egg-info/SOURCES.txt'
[1.307s] reading manifest file '../../build/robot_controller/robot_controller.egg-info/SOURCES.txt'
[1.308s] writing manifest file '../../build/robot_controller/robot_controller.egg-info/SOURCES.txt'
[1.308s] running build
[1.308s] running build_py
[1.309s] creating /home/aa/dev_ws/AIE_Final-main/control/controller_package/build/robot_controller/build
[1.309s] creating /home/aa/dev_ws/AIE_Final-main/control/controller_package/build/robot_controller/build/lib
[1.309s] creating /home/aa/dev_ws/AIE_Final-main/control/controller_package/build/robot_controller/build/lib/robot_controller
[1.309s] copying robot_controller/path_publisher.py -> /home/aa/dev_ws/AIE_Final-main/control/controller_package/build/robot_controller/build/lib/robot_controller
[1.310s] copying robot_controller/robot_controller.py -> /home/aa/dev_ws/AIE_Final-main/control/controller_package/build/robot_controller/build/lib/robot_controller
[1.310s] copying robot_controller/robot1_controller_action.py -> /home/aa/dev_ws/AIE_Final-main/control/controller_package/build/robot_controller/build/lib/robot_controller
[1.310s] copying robot_controller/robot2_controller_action.py -> /home/aa/dev_ws/AIE_Final-main/control/controller_package/build/robot_controller/build/lib/robot_controller
[1.310s] copying robot_controller/__init__.py -> /home/aa/dev_ws/AIE_Final-main/control/controller_package/build/robot_controller/build/lib/robot_controller
[1.310s] copying robot_controller/A_star.py -> /home/aa/dev_ws/AIE_Final-main/control/controller_package/build/robot_controller/build/lib/robot_controller
[1.310s] running install
[1.310s] running install_lib
[1.311s] creating /home/aa/dev_ws/AIE_Final-main/control/controller_package/install/robot_controller/lib/python3.10/site-packages/robot_controller
[1.311s] copying /home/aa/dev_ws/AIE_Final-main/control/controller_package/build/robot_controller/build/lib/robot_controller/path_publisher.py -> /home/aa/dev_ws/AIE_Final-main/control/controller_package/install/robot_controller/lib/python3.10/site-packages/robot_controller
[1.311s] copying /home/aa/dev_ws/AIE_Final-main/control/controller_package/build/robot_controller/build/lib/robot_controller/robot_controller.py -> /home/aa/dev_ws/AIE_Final-main/control/controller_package/install/robot_controller/lib/python3.10/site-packages/robot_controller
[1.311s] copying /home/aa/dev_ws/AIE_Final-main/control/controller_package/build/robot_controller/build/lib/robot_controller/robot1_controller_action.py -> /home/aa/dev_ws/AIE_Final-main/control/controller_package/install/robot_controller/lib/python3.10/site-packages/robot_controller
[1.311s] copying /home/aa/dev_ws/AIE_Final-main/control/controller_package/build/robot_controller/build/lib/robot_controller/robot2_controller_action.py -> /home/aa/dev_ws/AIE_Final-main/control/controller_package/install/robot_controller/lib/python3.10/site-packages/robot_controller
[1.312s] copying /home/aa/dev_ws/AIE_Final-main/control/controller_package/build/robot_controller/build/lib/robot_controller/__init__.py -> /home/aa/dev_ws/AIE_Final-main/control/controller_package/install/robot_controller/lib/python3.10/site-packages/robot_controller
[1.312s] copying /home/aa/dev_ws/AIE_Final-main/control/controller_package/build/robot_controller/build/lib/robot_controller/A_star.py -> /home/aa/dev_ws/AIE_Final-main/control/controller_package/install/robot_controller/lib/python3.10/site-packages/robot_controller
[1.313s] byte-compiling /home/aa/dev_ws/AIE_Final-main/control/controller_package/install/robot_controller/lib/python3.10/site-packages/robot_controller/path_publisher.py to path_publisher.cpython-310.pyc
[1.313s] byte-compiling /home/aa/dev_ws/AIE_Final-main/control/controller_package/install/robot_controller/lib/python3.10/site-packages/robot_controller/robot_controller.py to robot_controller.cpython-310.pyc
[1.314s] byte-compiling /home/aa/dev_ws/AIE_Final-main/control/controller_package/install/robot_controller/lib/python3.10/site-packages/robot_controller/robot1_controller_action.py to robot1_controller_action.cpython-310.pyc
[1.315s] byte-compiling /home/aa/dev_ws/AIE_Final-main/control/controller_package/install/robot_controller/lib/python3.10/site-packages/robot_controller/robot2_controller_action.py to robot2_controller_action.cpython-310.pyc
[1.316s] byte-compiling /home/aa/dev_ws/AIE_Final-main/control/controller_package/install/robot_controller/lib/python3.10/site-packages/robot_controller/__init__.py to __init__.cpython-310.pyc
[1.316s] byte-compiling /home/aa/dev_ws/AIE_Final-main/control/controller_package/install/robot_controller/lib/python3.10/site-packages/robot_controller/A_star.py to A_star.cpython-310.pyc
[1.318s] running install_data
[1.318s] creating /home/aa/dev_ws/AIE_Final-main/control/controller_package/install/robot_controller/share/ament_index
[1.318s] creating /home/aa/dev_ws/AIE_Final-main/control/controller_package/install/robot_controller/share/ament_index/resource_index
[1.318s] creating /home/aa/dev_ws/AIE_Final-main/control/controller_package/install/robot_controller/share/ament_index/resource_index/packages
[1.319s] copying resource/robot_controller -> /home/aa/dev_ws/AIE_Final-main/control/controller_package/install/robot_controller/share/ament_index/resource_index/packages
[1.319s] copying package.xml -> /home/aa/dev_ws/AIE_Final-main/control/controller_package/install/robot_controller/share/robot_controller
[1.319s] running install_egg_info
[1.320s] Copying ../../build/robot_controller/robot_controller.egg-info to /home/aa/dev_ws/AIE_Final-main/control/controller_package/install/robot_controller/lib/python3.10/site-packages/robot_controller-0.0.0-py3.10.egg-info
[1.321s] running install_scripts
[1.343s] Installing action_robot1_controller script to /home/aa/dev_ws/AIE_Final-main/control/controller_package/install/robot_controller/lib/robot_controller
[1.343s] Installing action_robot2_controller script to /home/aa/dev_ws/AIE_Final-main/control/controller_package/install/robot_controller/lib/robot_controller
[1.343s] Installing robot_controller script to /home/aa/dev_ws/AIE_Final-main/control/controller_package/install/robot_controller/lib/robot_controller
[1.343s] writing list of installed files to '/home/aa/dev_ws/AIE_Final-main/control/controller_package/build/robot_controller/install.log'
[1.381s] Invoked command in '/home/aa/dev_ws/AIE_Final-main/control/controller_package/src/robot_controller' returned '0': PYTHONPATH=/home/aa/dev_ws/AIE_Final-main/control/controller_package/build/robot_controller/prefix_override:/usr/lib/python3/dist-packages/colcon_core/task/python/colcon_distutils_commands:/home/aa/dev_ws/AIE_Final-main/control/controller_package/install/robot_controller/lib/python3.10/site-packages:${PYTHONPATH} /usr/bin/python3 -W ignore:setup.py install is deprecated setup.py egg_info --egg-base ../../build/robot_controller build --build-base /home/aa/dev_ws/AIE_Final-main/control/controller_package/build/robot_controller/build install --record /home/aa/dev_ws/AIE_Final-main/control/controller_package/build/robot_controller/install.log --single-version-externally-managed install_data
