[1.607s] Invoking command in '/home/aa/dev_ws/AIE_Final-main/control/controller_package/src/robot_controller': PYTHONPATH=/home/aa/dev_ws/AIE_Final-main/control/controller_package/build/robot_controller/prefix_override:/usr/lib/python3/dist-packages/colcon_core/task/python/colcon_distutils_commands:/home/aa/dev_ws/AIE_Final-main/control/controller_package/install/robot_controller/lib/python3.10/site-packages:${PYTHONPATH} /usr/bin/python3 -W ignore:setup.py install is deprecated setup.py egg_info --egg-base ../../build/robot_controller build --build-base /home/aa/dev_ws/AIE_Final-main/control/controller_package/build/robot_controller/build install --record /home/aa/dev_ws/AIE_Final-main/control/controller_package/build/robot_controller/install.log --single-version-externally-managed install_data
[2.002s] running egg_info
[2.003s] writing ../../build/robot_controller/robot_controller.egg-info/PKG-INFO
[2.003s] writing dependency_links to ../../build/robot_controller/robot_controller.egg-info/dependency_links.txt
[2.003s] writing entry points to ../../build/robot_controller/robot_controller.egg-info/entry_points.txt
[2.003s] writing requirements to ../../build/robot_controller/robot_controller.egg-info/requires.txt
[2.004s] writing top-level names to ../../build/robot_controller/robot_controller.egg-info/top_level.txt
[2.005s] reading manifest file '../../build/robot_controller/robot_controller.egg-info/SOURCES.txt'
[2.006s] writing manifest file '../../build/robot_controller/robot_controller.egg-info/SOURCES.txt'
[2.006s] running build
[2.006s] running build_py
[2.007s] copying robot_controller/robot1_controller_action.py -> /home/aa/dev_ws/AIE_Final-main/control/controller_package/build/robot_controller/build/lib/robot_controller
[2.007s] running install
[2.007s] running install_lib
[2.008s] copying /home/aa/dev_ws/AIE_Final-main/control/controller_package/build/robot_controller/build/lib/robot_controller/robot1_controller_action.py -> /home/aa/dev_ws/AIE_Final-main/control/controller_package/install/robot_controller/lib/python3.10/site-packages/robot_controller
[2.008s] byte-compiling /home/aa/dev_ws/AIE_Final-main/control/controller_package/install/robot_controller/lib/python3.10/site-packages/robot_controller/robot1_controller_action.py to robot1_controller_action.cpython-310.pyc
[2.010s] running install_data
[2.010s] running install_egg_info
[2.012s] removing '/home/aa/dev_ws/AIE_Final-main/control/controller_package/install/robot_controller/lib/python3.10/site-packages/robot_controller-0.0.0-py3.10.egg-info' (and everything under it)
[2.012s] Copying ../../build/robot_controller/robot_controller.egg-info to /home/aa/dev_ws/AIE_Final-main/control/controller_package/install/robot_controller/lib/python3.10/site-packages/robot_controller-0.0.0-py3.10.egg-info
[2.013s] running install_scripts
[2.036s] Installing action_robot1_controller script to /home/aa/dev_ws/AIE_Final-main/control/controller_package/install/robot_controller/lib/robot_controller
[2.036s] Installing action_robot2_controller script to /home/aa/dev_ws/AIE_Final-main/control/controller_package/install/robot_controller/lib/robot_controller
[2.037s] Installing robot_controller script to /home/aa/dev_ws/AIE_Final-main/control/controller_package/install/robot_controller/lib/robot_controller
[2.037s] writing list of installed files to '/home/aa/dev_ws/AIE_Final-main/control/controller_package/build/robot_controller/install.log'
[2.072s] Invoked command in '/home/aa/dev_ws/AIE_Final-main/control/controller_package/src/robot_controller' returned '0': PYTHONPATH=/home/aa/dev_ws/AIE_Final-main/control/controller_package/build/robot_controller/prefix_override:/usr/lib/python3/dist-packages/colcon_core/task/python/colcon_distutils_commands:/home/aa/dev_ws/AIE_Final-main/control/controller_package/install/robot_controller/lib/python3.10/site-packages:${PYTHONPATH} /usr/bin/python3 -W ignore:setup.py install is deprecated setup.py egg_info --egg-base ../../build/robot_controller build --build-base /home/aa/dev_ws/AIE_Final-main/control/controller_package/build/robot_controller/build install --record /home/aa/dev_ws/AIE_Final-main/control/controller_package/build/robot_controller/install.log --single-version-externally-managed install_data
