[0.096s] [34mcolcon[0m [1;30mDEBUG[0m [32mCommand line arguments: ['/usr/bin/colcon', 'build'][0m
[0.096s] [34mcolcon[0m [1;30mDEBUG[0m [32mParsed command line arguments: Namespace(log_base=None, log_level=None, verb_name='build', build_base='build', install_base='install', merge_install=False, symlink_install=False, test_result_base=None, continue_on_error=False, executor='parallel', parallel_workers=12, event_handlers=None, ignore_user_meta=False, metas=['./colcon.meta'], base_paths=['.'], packages_ignore=None, packages_ignore_regex=None, paths=None, packages_up_to=None, packages_up_to_regex=None, packages_above=None, packages_above_and_dependencies=None, packages_above_depth=None, packages_select_by_dep=None, packages_skip_by_dep=None, packages_skip_up_to=None, packages_select_build_failed=False, packages_skip_build_finished=False, packages_select_test_failures=False, packages_skip_test_passed=False, packages_select=None, packages_skip=None, packages_select_regex=None, packages_skip_regex=None, packages_start=None, packages_end=None, allow_overriding=[], cmake_args=None, cmake_target=None, cmake_target_skip_unavailable=False, cmake_clean_cache=False, cmake_clean_first=False, cmake_force_configure=False, ament_cmake_args=None, catkin_cmake_args=None, catkin_skip_building_tests=False, mixin_files=None, mixin=None, verb_parser=<colcon_mixin.mixin.mixin_argument.MixinArgumentDecorator object at 0x73ef1400f1c0>, verb_extension=<colcon_core.verb.build.BuildVerb object at 0x73ef1400eaa0>, main=<bound method BuildVerb.main of <colcon_core.verb.build.BuildVerb object at 0x73ef1400eaa0>>, mixin_verb=('build',))[0m
[0.255s] [34mcolcon.colcon_core.package_discovery[0m [1;30mLevel 1[0m discover_packages(colcon_meta) check parameters
[0.256s] [34mcolcon.colcon_core.package_discovery[0m [1;30mLevel 1[0m discover_packages(recursive) check parameters
[0.256s] [34mcolcon.colcon_core.package_discovery[0m [1;30mLevel 1[0m discover_packages(ignore) check parameters
[0.256s] [34mcolcon.colcon_core.package_discovery[0m [1;30mLevel 1[0m discover_packages(path) check parameters
[0.256s] [34mcolcon.colcon_core.package_discovery[0m [1;30mLevel 1[0m discover_packages(colcon_meta) discover
[0.256s] [34mcolcon.colcon_core.package_discovery[0m [1;30mLevel 1[0m discover_packages(recursive) discover
[0.256s] [34mcolcon.colcon_core.package_discovery[0m [1;30mINFO[0m Crawling recursively for packages in '/home/aa/dev_ws/AIE_Final-main/control/controller_package'
[0.256s] [34mcolcon.colcon_core.package_identification[0m [1;30mLevel 1[0m _identify(.) by extensions ['ignore', 'ignore_ament_install']
[0.256s] [34mcolcon.colcon_core.package_identification[0m [1;30mLevel 1[0m _identify(.) by extension 'ignore'
[0.256s] [34mcolcon.colcon_core.package_identification[0m [1;30mLevel 1[0m _identify(.) by extension 'ignore_ament_install'
[0.256s] [34mcolcon.colcon_core.package_identification[0m [1;30mLevel 1[0m _identify(.) by extensions ['colcon_pkg']
[0.256s] [34mcolcon.colcon_core.package_identification[0m [1;30mLevel 1[0m _identify(.) by extension 'colcon_pkg'
[0.256s] [34mcolcon.colcon_core.package_identification[0m [1;30mLevel 1[0m _identify(.) by extensions ['colcon_meta']
[0.256s] [34mcolcon.colcon_core.package_identification[0m [1;30mLevel 1[0m _identify(.) by extension 'colcon_meta'
[0.256s] [34mcolcon.colcon_core.package_identification[0m [1;30mLevel 1[0m _identify(.) by extensions ['ros']
[0.256s] [34mcolcon.colcon_core.package_identification[0m [1;30mLevel 1[0m _identify(.) by extension 'ros'
[0.270s] [34mcolcon.colcon_core.package_identification[0m [1;30mLevel 1[0m _identify(.) by extensions ['cmake', 'python']
[0.270s] [34mcolcon.colcon_core.package_identification[0m [1;30mLevel 1[0m _identify(.) by extension 'cmake'
[0.270s] [34mcolcon.colcon_core.package_identification[0m [1;30mLevel 1[0m _identify(.) by extension 'python'
[0.270s] [34mcolcon.colcon_core.package_identification[0m [1;30mLevel 1[0m _identify(.) by extensions ['python_setup_py']
[0.270s] [34mcolcon.colcon_core.package_identification[0m [1;30mLevel 1[0m _identify(.) by extension 'python_setup_py'
[0.270s] [34mcolcon.colcon_core.package_identification[0m [1;30mLevel 1[0m _identify(build) by extensions ['ignore', 'ignore_ament_install']
[0.270s] [34mcolcon.colcon_core.package_identification[0m [1;30mLevel 1[0m _identify(build) by extension 'ignore'
[0.270s] [34mcolcon.colcon_core.package_identification[0m [1;30mLevel 1[0m _identify(build) ignored
[0.270s] [34mcolcon.colcon_core.package_identification[0m [1;30mLevel 1[0m _identify(install) by extensions ['ignore', 'ignore_ament_install']
[0.270s] [34mcolcon.colcon_core.package_identification[0m [1;30mLevel 1[0m _identify(install) by extension 'ignore'
[0.270s] [34mcolcon.colcon_core.package_identification[0m [1;30mLevel 1[0m _identify(install) ignored
[0.270s] [34mcolcon.colcon_core.package_identification[0m [1;30mLevel 1[0m _identify(log) by extensions ['ignore', 'ignore_ament_install']
[0.270s] [34mcolcon.colcon_core.package_identification[0m [1;30mLevel 1[0m _identify(log) by extension 'ignore'
[0.270s] [34mcolcon.colcon_core.package_identification[0m [1;30mLevel 1[0m _identify(log) ignored
[0.270s] [34mcolcon.colcon_core.package_identification[0m [1;30mLevel 1[0m _identify(src) by extensions ['ignore', 'ignore_ament_install']
[0.270s] [34mcolcon.colcon_core.package_identification[0m [1;30mLevel 1[0m _identify(src) by extension 'ignore'
[0.271s] [34mcolcon.colcon_core.package_identification[0m [1;30mLevel 1[0m _identify(src) by extension 'ignore_ament_install'
[0.271s] [34mcolcon.colcon_core.package_identification[0m [1;30mLevel 1[0m _identify(src) by extensions ['colcon_pkg']
[0.271s] [34mcolcon.colcon_core.package_identification[0m [1;30mLevel 1[0m _identify(src) by extension 'colcon_pkg'
[0.271s] [34mcolcon.colcon_core.package_identification[0m [1;30mLevel 1[0m _identify(src) by extensions ['colcon_meta']
[0.271s] [34mcolcon.colcon_core.package_identification[0m [1;30mLevel 1[0m _identify(src) by extension 'colcon_meta'
[0.271s] [34mcolcon.colcon_core.package_identification[0m [1;30mLevel 1[0m _identify(src) by extensions ['ros']
[0.271s] [34mcolcon.colcon_core.package_identification[0m [1;30mLevel 1[0m _identify(src) by extension 'ros'
[0.271s] [34mcolcon.colcon_core.package_identification[0m [1;30mLevel 1[0m _identify(src) by extensions ['cmake', 'python']
[0.271s] [34mcolcon.colcon_core.package_identification[0m [1;30mLevel 1[0m _identify(src) by extension 'cmake'
[0.271s] [34mcolcon.colcon_core.package_identification[0m [1;30mLevel 1[0m _identify(src) by extension 'python'
[0.271s] [34mcolcon.colcon_core.package_identification[0m [1;30mLevel 1[0m _identify(src) by extensions ['python_setup_py']
[0.271s] [34mcolcon.colcon_core.package_identification[0m [1;30mLevel 1[0m _identify(src) by extension 'python_setup_py'
[0.271s] [34mcolcon.colcon_core.package_identification[0m [1;30mLevel 1[0m _identify(src/final_project_package) by extensions ['ignore', 'ignore_ament_install']
[0.271s] [34mcolcon.colcon_core.package_identification[0m [1;30mLevel 1[0m _identify(src/final_project_package) by extension 'ignore'
[0.271s] [34mcolcon.colcon_core.package_identification[0m [1;30mLevel 1[0m _identify(src/final_project_package) by extension 'ignore_ament_install'
[0.271s] [34mcolcon.colcon_core.package_identification[0m [1;30mLevel 1[0m _identify(src/final_project_package) by extensions ['colcon_pkg']
[0.271s] [34mcolcon.colcon_core.package_identification[0m [1;30mLevel 1[0m _identify(src/final_project_package) by extension 'colcon_pkg'
[0.271s] [34mcolcon.colcon_core.package_identification[0m [1;30mLevel 1[0m _identify(src/final_project_package) by extensions ['colcon_meta']
[0.271s] [34mcolcon.colcon_core.package_identification[0m [1;30mLevel 1[0m _identify(src/final_project_package) by extension 'colcon_meta'
[0.271s] [34mcolcon.colcon_core.package_identification[0m [1;30mLevel 1[0m _identify(src/final_project_package) by extensions ['ros']
[0.271s] [34mcolcon.colcon_core.package_identification[0m [1;30mLevel 1[0m _identify(src/final_project_package) by extension 'ros'
[0.273s] [34mcolcon.colcon_core.package_identification[0m [1;30mDEBUG[0m [32mPackage 'src/final_project_package' with type 'ros.ament_python' and name 'final_project_package'[0m
[0.273s] [34mcolcon.colcon_core.package_identification[0m [1;30mLevel 1[0m _identify(src/robot_controller) by extensions ['ignore', 'ignore_ament_install']
[0.273s] [34mcolcon.colcon_core.package_identification[0m [1;30mLevel 1[0m _identify(src/robot_controller) by extension 'ignore'
[0.273s] [34mcolcon.colcon_core.package_identification[0m [1;30mLevel 1[0m _identify(src/robot_controller) by extension 'ignore_ament_install'
[0.273s] [34mcolcon.colcon_core.package_identification[0m [1;30mLevel 1[0m _identify(src/robot_controller) by extensions ['colcon_pkg']
[0.273s] [34mcolcon.colcon_core.package_identification[0m [1;30mLevel 1[0m _identify(src/robot_controller) by extension 'colcon_pkg'
[0.273s] [34mcolcon.colcon_core.package_identification[0m [1;30mLevel 1[0m _identify(src/robot_controller) by extensions ['colcon_meta']
[0.273s] [34mcolcon.colcon_core.package_identification[0m [1;30mLevel 1[0m _identify(src/robot_controller) by extension 'colcon_meta'
[0.273s] [34mcolcon.colcon_core.package_identification[0m [1;30mLevel 1[0m _identify(src/robot_controller) by extensions ['ros']
[0.273s] [34mcolcon.colcon_core.package_identification[0m [1;30mLevel 1[0m _identify(src/robot_controller) by extension 'ros'
[0.274s] [34mcolcon.colcon_core.package_identification[0m [1;30mDEBUG[0m [32mPackage 'src/robot_controller' with type 'ros.ament_python' and name 'robot_controller'[0m
[0.274s] [34mcolcon.colcon_core.package_identification[0m [1;30mLevel 1[0m _identify(src/robot_msgs) by extensions ['ignore', 'ignore_ament_install']
[0.274s] [34mcolcon.colcon_core.package_identification[0m [1;30mLevel 1[0m _identify(src/robot_msgs) by extension 'ignore'
[0.274s] [34mcolcon.colcon_core.package_identification[0m [1;30mLevel 1[0m _identify(src/robot_msgs) by extension 'ignore_ament_install'
[0.274s] [34mcolcon.colcon_core.package_identification[0m [1;30mLevel 1[0m _identify(src/robot_msgs) by extensions ['colcon_pkg']
[0.274s] [34mcolcon.colcon_core.package_identification[0m [1;30mLevel 1[0m _identify(src/robot_msgs) by extension 'colcon_pkg'
[0.274s] [34mcolcon.colcon_core.package_identification[0m [1;30mLevel 1[0m _identify(src/robot_msgs) by extensions ['colcon_meta']
[0.274s] [34mcolcon.colcon_core.package_identification[0m [1;30mLevel 1[0m _identify(src/robot_msgs) by extension 'colcon_meta'
[0.274s] [34mcolcon.colcon_core.package_identification[0m [1;30mLevel 1[0m _identify(src/robot_msgs) by extensions ['ros']
[0.274s] [34mcolcon.colcon_core.package_identification[0m [1;30mLevel 1[0m _identify(src/robot_msgs) by extension 'ros'
[0.275s] [34mcolcon.colcon_core.package_identification[0m [1;30mDEBUG[0m [32mPackage 'src/robot_msgs' with type 'ros.ament_cmake' and name 'robot_msgs'[0m
[0.275s] [34mcolcon.colcon_core.package_identification[0m [1;30mLevel 1[0m _identify(src/task_manager) by extensions ['ignore', 'ignore_ament_install']
[0.275s] [34mcolcon.colcon_core.package_identification[0m [1;30mLevel 1[0m _identify(src/task_manager) by extension 'ignore'
[0.275s] [34mcolcon.colcon_core.package_identification[0m [1;30mLevel 1[0m _identify(src/task_manager) by extension 'ignore_ament_install'
[0.275s] [34mcolcon.colcon_core.package_identification[0m [1;30mLevel 1[0m _identify(src/task_manager) by extensions ['colcon_pkg']
[0.275s] [34mcolcon.colcon_core.package_identification[0m [1;30mLevel 1[0m _identify(src/task_manager) by extension 'colcon_pkg'
[0.275s] [34mcolcon.colcon_core.package_identification[0m [1;30mLevel 1[0m _identify(src/task_manager) by extensions ['colcon_meta']
[0.275s] [34mcolcon.colcon_core.package_identification[0m [1;30mLevel 1[0m _identify(src/task_manager) by extension 'colcon_meta'
[0.275s] [34mcolcon.colcon_core.package_identification[0m [1;30mLevel 1[0m _identify(src/task_manager) by extensions ['ros']
[0.275s] [34mcolcon.colcon_core.package_identification[0m [1;30mLevel 1[0m _identify(src/task_manager) by extension 'ros'
[0.275s] [34mcolcon.colcon_core.package_identification[0m [1;30mDEBUG[0m [32mPackage 'src/task_manager' with type 'ros.ament_python' and name 'task_manager'[0m
[0.275s] [34mcolcon.colcon_core.package_discovery[0m [1;30mLevel 1[0m discover_packages(recursive) using defaults
[0.275s] [34mcolcon.colcon_core.package_discovery[0m [1;30mLevel 1[0m discover_packages(ignore) discover
[0.275s] [34mcolcon.colcon_core.package_discovery[0m [1;30mLevel 1[0m discover_packages(ignore) using defaults
[0.276s] [34mcolcon.colcon_core.package_discovery[0m [1;30mLevel 1[0m discover_packages(path) discover
[0.276s] [34mcolcon.colcon_core.package_discovery[0m [1;30mLevel 1[0m discover_packages(path) using defaults
[0.288s] [34mcolcon.colcon_core.package_discovery[0m [1;30mLevel 1[0m discover_packages(prefix_path) check parameters
[0.288s] [34mcolcon.colcon_core.package_discovery[0m [1;30mLevel 1[0m discover_packages(prefix_path) discover
[0.290s] [34mcolcon.colcon_installed_package_information.package_discovery[0m [1;30mDEBUG[0m [32mFound 4 installed packages in /home/aa/dev_ws/AIE_Final-main/control/controller_package/install[0m
[0.291s] [34mcolcon.colcon_installed_package_information.package_discovery[0m [1;30mDEBUG[0m [32mFound 372 installed packages in /opt/ros/humble[0m
[0.292s] [34mcolcon.colcon_core.package_discovery[0m [1;30mLevel 1[0m discover_packages(prefix_path) using defaults
[0.328s] [34mcolcon.colcon_core.verb[0m [1;30mLevel 5[0m set package 'final_project_package' build argument 'cmake_args' from command line to 'None'
[0.328s] [34mcolcon.colcon_core.verb[0m [1;30mLevel 5[0m set package 'final_project_package' build argument 'cmake_target' from command line to 'None'
[0.328s] [34mcolcon.colcon_core.verb[0m [1;30mLevel 5[0m set package 'final_project_package' build argument 'cmake_target_skip_unavailable' from command line to 'False'
[0.328s] [34mcolcon.colcon_core.verb[0m [1;30mLevel 5[0m set package 'final_project_package' build argument 'cmake_clean_cache' from command line to 'False'
[0.328s] [34mcolcon.colcon_core.verb[0m [1;30mLevel 5[0m set package 'final_project_package' build argument 'cmake_clean_first' from command line to 'False'
[0.328s] [34mcolcon.colcon_core.verb[0m [1;30mLevel 5[0m set package 'final_project_package' build argument 'cmake_force_configure' from command line to 'False'
[0.328s] [34mcolcon.colcon_core.verb[0m [1;30mLevel 5[0m set package 'final_project_package' build argument 'ament_cmake_args' from command line to 'None'
[0.328s] [34mcolcon.colcon_core.verb[0m [1;30mLevel 5[0m set package 'final_project_package' build argument 'catkin_cmake_args' from command line to 'None'
[0.328s] [34mcolcon.colcon_core.verb[0m [1;30mLevel 5[0m set package 'final_project_package' build argument 'catkin_skip_building_tests' from command line to 'False'
[0.328s] [34mcolcon.colcon_core.verb[0m [1;30mDEBUG[0m [32mBuilding package 'final_project_package' with the following arguments: {'ament_cmake_args': None, 'build_base': '/home/aa/dev_ws/AIE_Final-main/control/controller_package/build/final_project_package', 'catkin_cmake_args': None, 'catkin_skip_building_tests': False, 'cmake_args': None, 'cmake_clean_cache': False, 'cmake_clean_first': False, 'cmake_force_configure': False, 'cmake_target': None, 'cmake_target_skip_unavailable': False, 'install_base': '/home/aa/dev_ws/AIE_Final-main/control/controller_package/install/final_project_package', 'merge_install': False, 'path': '/home/aa/dev_ws/AIE_Final-main/control/controller_package/src/final_project_package', 'symlink_install': False, 'test_result_base': None}[0m
[0.329s] [34mcolcon.colcon_core.verb[0m [1;30mLevel 5[0m set package 'robot_controller' build argument 'cmake_args' from command line to 'None'
[0.329s] [34mcolcon.colcon_core.verb[0m [1;30mLevel 5[0m set package 'robot_controller' build argument 'cmake_target' from command line to 'None'
[0.329s] [34mcolcon.colcon_core.verb[0m [1;30mLevel 5[0m set package 'robot_controller' build argument 'cmake_target_skip_unavailable' from command line to 'False'
[0.329s] [34mcolcon.colcon_core.verb[0m [1;30mLevel 5[0m set package 'robot_controller' build argument 'cmake_clean_cache' from command line to 'False'
[0.329s] [34mcolcon.colcon_core.verb[0m [1;30mLevel 5[0m set package 'robot_controller' build argument 'cmake_clean_first' from command line to 'False'
[0.329s] [34mcolcon.colcon_core.verb[0m [1;30mLevel 5[0m set package 'robot_controller' build argument 'cmake_force_configure' from command line to 'False'
[0.329s] [34mcolcon.colcon_core.verb[0m [1;30mLevel 5[0m set package 'robot_controller' build argument 'ament_cmake_args' from command line to 'None'
[0.329s] [34mcolcon.colcon_core.verb[0m [1;30mLevel 5[0m set package 'robot_controller' build argument 'catkin_cmake_args' from command line to 'None'
[0.329s] [34mcolcon.colcon_core.verb[0m [1;30mLevel 5[0m set package 'robot_controller' build argument 'catkin_skip_building_tests' from command line to 'False'
[0.329s] [34mcolcon.colcon_core.verb[0m [1;30mDEBUG[0m [32mBuilding package 'robot_controller' with the following arguments: {'ament_cmake_args': None, 'build_base': '/home/aa/dev_ws/AIE_Final-main/control/controller_package/build/robot_controller', 'catkin_cmake_args': None, 'catkin_skip_building_tests': False, 'cmake_args': None, 'cmake_clean_cache': False, 'cmake_clean_first': False, 'cmake_force_configure': False, 'cmake_target': None, 'cmake_target_skip_unavailable': False, 'install_base': '/home/aa/dev_ws/AIE_Final-main/control/controller_package/install/robot_controller', 'merge_install': False, 'path': '/home/aa/dev_ws/AIE_Final-main/control/controller_package/src/robot_controller', 'symlink_install': False, 'test_result_base': None}[0m
[0.329s] [34mcolcon.colcon_core.verb[0m [1;30mLevel 5[0m set package 'robot_msgs' build argument 'cmake_args' from command line to 'None'
[0.329s] [34mcolcon.colcon_core.verb[0m [1;30mLevel 5[0m set package 'robot_msgs' build argument 'cmake_target' from command line to 'None'
[0.329s] [34mcolcon.colcon_core.verb[0m [1;30mLevel 5[0m set package 'robot_msgs' build argument 'cmake_target_skip_unavailable' from command line to 'False'
[0.329s] [34mcolcon.colcon_core.verb[0m [1;30mLevel 5[0m set package 'robot_msgs' build argument 'cmake_clean_cache' from command line to 'False'
[0.329s] [34mcolcon.colcon_core.verb[0m [1;30mLevel 5[0m set package 'robot_msgs' build argument 'cmake_clean_first' from command line to 'False'
[0.329s] [34mcolcon.colcon_core.verb[0m [1;30mLevel 5[0m set package 'robot_msgs' build argument 'cmake_force_configure' from command line to 'False'
[0.329s] [34mcolcon.colcon_core.verb[0m [1;30mLevel 5[0m set package 'robot_msgs' build argument 'ament_cmake_args' from command line to 'None'
[0.329s] [34mcolcon.colcon_core.verb[0m [1;30mLevel 5[0m set package 'robot_msgs' build argument 'catkin_cmake_args' from command line to 'None'
[0.329s] [34mcolcon.colcon_core.verb[0m [1;30mLevel 5[0m set package 'robot_msgs' build argument 'catkin_skip_building_tests' from command line to 'False'
[0.329s] [34mcolcon.colcon_core.verb[0m [1;30mDEBUG[0m [32mBuilding package 'robot_msgs' with the following arguments: {'ament_cmake_args': None, 'build_base': '/home/aa/dev_ws/AIE_Final-main/control/controller_package/build/robot_msgs', 'catkin_cmake_args': None, 'catkin_skip_building_tests': False, 'cmake_args': None, 'cmake_clean_cache': False, 'cmake_clean_first': False, 'cmake_force_configure': False, 'cmake_target': None, 'cmake_target_skip_unavailable': False, 'install_base': '/home/aa/dev_ws/AIE_Final-main/control/controller_package/install/robot_msgs', 'merge_install': False, 'path': '/home/aa/dev_ws/AIE_Final-main/control/controller_package/src/robot_msgs', 'symlink_install': False, 'test_result_base': None}[0m
[0.330s] [34mcolcon.colcon_core.verb[0m [1;30mLevel 5[0m set package 'task_manager' build argument 'cmake_args' from command line to 'None'
[0.330s] [34mcolcon.colcon_core.verb[0m [1;30mLevel 5[0m set package 'task_manager' build argument 'cmake_target' from command line to 'None'
[0.330s] [34mcolcon.colcon_core.verb[0m [1;30mLevel 5[0m set package 'task_manager' build argument 'cmake_target_skip_unavailable' from command line to 'False'
[0.330s] [34mcolcon.colcon_core.verb[0m [1;30mLevel 5[0m set package 'task_manager' build argument 'cmake_clean_cache' from command line to 'False'
[0.330s] [34mcolcon.colcon_core.verb[0m [1;30mLevel 5[0m set package 'task_manager' build argument 'cmake_clean_first' from command line to 'False'
[0.330s] [34mcolcon.colcon_core.verb[0m [1;30mLevel 5[0m set package 'task_manager' build argument 'cmake_force_configure' from command line to 'False'
[0.330s] [34mcolcon.colcon_core.verb[0m [1;30mLevel 5[0m set package 'task_manager' build argument 'ament_cmake_args' from command line to 'None'
[0.330s] [34mcolcon.colcon_core.verb[0m [1;30mLevel 5[0m set package 'task_manager' build argument 'catkin_cmake_args' from command line to 'None'
[0.330s] [34mcolcon.colcon_core.verb[0m [1;30mLevel 5[0m set package 'task_manager' build argument 'catkin_skip_building_tests' from command line to 'False'
[0.330s] [34mcolcon.colcon_core.verb[0m [1;30mDEBUG[0m [32mBuilding package 'task_manager' with the following arguments: {'ament_cmake_args': None, 'build_base': '/home/aa/dev_ws/AIE_Final-main/control/controller_package/build/task_manager', 'catkin_cmake_args': None, 'catkin_skip_building_tests': False, 'cmake_args': None, 'cmake_clean_cache': False, 'cmake_clean_first': False, 'cmake_force_configure': False, 'cmake_target': None, 'cmake_target_skip_unavailable': False, 'install_base': '/home/aa/dev_ws/AIE_Final-main/control/controller_package/install/task_manager', 'merge_install': False, 'path': '/home/aa/dev_ws/AIE_Final-main/control/controller_package/src/task_manager', 'symlink_install': False, 'test_result_base': None}[0m
[0.330s] [34mcolcon.colcon_core.executor[0m [1;30mINFO[0m Executing jobs using 'parallel' executor
[0.331s] [34mcolcon.colcon_parallel_executor.executor.parallel[0m [1;30mDEBUG[0m [32mrun_until_complete[0m
[0.331s] [34mcolcon.colcon_ros.task.ament_python.build[0m [1;30mINFO[0m Building ROS package in '/home/aa/dev_ws/AIE_Final-main/control/controller_package/src/final_project_package' with build type 'ament_python'
[0.331s] [34mcolcon.colcon_core.shell[0m [1;30mLevel 1[0m create_environment_hook('final_project_package', 'ament_prefix_path')
[0.333s] [34mcolcon.colcon_core.plugin_system[0m [1;30mINFO[0m Skipping extension 'colcon_core.shell.bat': Not used on non-Windows systems
[0.333s] [34mcolcon.colcon_core.shell[0m [1;30mINFO[0m Creating environment hook '/home/aa/dev_ws/AIE_Final-main/control/controller_package/install/final_project_package/share/final_project_package/hook/ament_prefix_path.ps1'
[0.333s] [34mcolcon.colcon_core.shell[0m [1;30mINFO[0m Creating environment descriptor '/home/aa/dev_ws/AIE_Final-main/control/controller_package/install/final_project_package/share/final_project_package/hook/ament_prefix_path.dsv'
[0.334s] [34mcolcon.colcon_core.shell[0m [1;30mINFO[0m Creating environment hook '/home/aa/dev_ws/AIE_Final-main/control/controller_package/install/final_project_package/share/final_project_package/hook/ament_prefix_path.sh'
[0.334s] [34mcolcon.colcon_core.shell[0m [1;30mINFO[0m Skip shell extension 'powershell' for command environment: Not usable outside of PowerShell
[0.334s] [34mcolcon.colcon_core.shell[0m [1;30mDEBUG[0m [32mSkip shell extension 'dsv' for command environment[0m
[0.337s] [34mcolcon.colcon_ros.task.ament_python.build[0m [1;30mINFO[0m Building ROS package in '/home/aa/dev_ws/AIE_Final-main/control/controller_package/src/robot_controller' with build type 'ament_python'
[0.337s] [34mcolcon.colcon_core.shell[0m [1;30mLevel 1[0m create_environment_hook('robot_controller', 'ament_prefix_path')
[0.337s] [34mcolcon.colcon_core.shell[0m [1;30mINFO[0m Creating environment hook '/home/aa/dev_ws/AIE_Final-main/control/controller_package/install/robot_controller/share/robot_controller/hook/ament_prefix_path.ps1'
[0.338s] [34mcolcon.colcon_core.shell[0m [1;30mINFO[0m Creating environment descriptor '/home/aa/dev_ws/AIE_Final-main/control/controller_package/install/robot_controller/share/robot_controller/hook/ament_prefix_path.dsv'
[0.338s] [34mcolcon.colcon_core.shell[0m [1;30mINFO[0m Creating environment hook '/home/aa/dev_ws/AIE_Final-main/control/controller_package/install/robot_controller/share/robot_controller/hook/ament_prefix_path.sh'
[0.338s] [34mcolcon.colcon_core.shell[0m [1;30mINFO[0m Skip shell extension 'powershell' for command environment: Not usable outside of PowerShell
[0.338s] [34mcolcon.colcon_core.shell[0m [1;30mDEBUG[0m [32mSkip shell extension 'dsv' for command environment[0m
[0.341s] [34mcolcon.colcon_ros.task.ament_cmake.build[0m [1;30mINFO[0m Building ROS package in '/home/aa/dev_ws/AIE_Final-main/control/controller_package/src/robot_msgs' with build type 'ament_cmake'
[0.341s] [34mcolcon.colcon_cmake.task.cmake.build[0m [1;30mINFO[0m Building CMake package in '/home/aa/dev_ws/AIE_Final-main/control/controller_package/src/robot_msgs'
[0.341s] [34mcolcon.colcon_core.shell[0m [1;30mINFO[0m Skip shell extension 'powershell' for command environment: Not usable outside of PowerShell
[0.341s] [34mcolcon.colcon_core.shell[0m [1;30mDEBUG[0m [32mSkip shell extension 'dsv' for command environment[0m
[0.343s] [34mcolcon.colcon_ros.task.ament_python.build[0m [1;30mINFO[0m Building ROS package in '/home/aa/dev_ws/AIE_Final-main/control/controller_package/src/task_manager' with build type 'ament_python'
[0.344s] [34mcolcon.colcon_core.shell[0m [1;30mLevel 1[0m create_environment_hook('task_manager', 'ament_prefix_path')
[0.344s] [34mcolcon.colcon_core.shell[0m [1;30mINFO[0m Creating environment hook '/home/aa/dev_ws/AIE_Final-main/control/controller_package/install/task_manager/share/task_manager/hook/ament_prefix_path.ps1'
[0.344s] [34mcolcon.colcon_core.shell[0m [1;30mINFO[0m Creating environment descriptor '/home/aa/dev_ws/AIE_Final-main/control/controller_package/install/task_manager/share/task_manager/hook/ament_prefix_path.dsv'
[0.344s] [34mcolcon.colcon_core.shell[0m [1;30mINFO[0m Creating environment hook '/home/aa/dev_ws/AIE_Final-main/control/controller_package/install/task_manager/share/task_manager/hook/ament_prefix_path.sh'
[0.345s] [34mcolcon.colcon_core.shell[0m [1;30mINFO[0m Skip shell extension 'powershell' for command environment: Not usable outside of PowerShell
[0.345s] [34mcolcon.colcon_core.shell[0m [1;30mDEBUG[0m [32mSkip shell extension 'dsv' for command environment[0m
[0.583s] [34mcolcon.colcon_core.task.python.build[0m [1;30mINFO[0m Building Python package in '/home/aa/dev_ws/AIE_Final-main/control/controller_package/src/final_project_package'
[0.583s] [34mcolcon.colcon_core.shell[0m [1;30mINFO[0m Skip shell extension 'powershell' for command environment: Not usable outside of PowerShell
[0.583s] [34mcolcon.colcon_core.shell[0m [1;30mDEBUG[0m [32mSkip shell extension 'dsv' for command environment[0m
[0.815s] [34mcolcon.colcon_core.task.python.build[0m [1;30mINFO[0m Building Python package in '/home/aa/dev_ws/AIE_Final-main/control/controller_package/src/robot_controller'
[0.815s] [34mcolcon.colcon_core.shell[0m [1;30mINFO[0m Skip shell extension 'powershell' for command environment: Not usable outside of PowerShell
[0.815s] [34mcolcon.colcon_core.shell[0m [1;30mDEBUG[0m [32mSkip shell extension 'dsv' for command environment[0m
[0.820s] [34mcolcon.colcon_core.event_handler.log_command[0m [1;30mDEBUG[0m [32mInvoking command in '/home/aa/dev_ws/AIE_Final-main/control/controller_package/build/robot_msgs': CMAKE_PREFIX_PATH=${CMAKE_PREFIX_PATH}:/opt/ros/humble:/home/aa/dev_ws/AIE_Final-main/control/controller_package/install/task_manager:/home/aa/dev_ws/AIE_Final-main/control/controller_package/install/robot_controller:/home/aa/dev_ws/AIE_Final-main/control/controller_package/install/final_project_package /usr/bin/cmake --build /home/aa/dev_ws/AIE_Final-main/control/controller_package/build/robot_msgs -- -j12 -l12[0m
[1.092s] [34mcolcon.colcon_core.task.python.build[0m [1;30mINFO[0m Building Python package in '/home/aa/dev_ws/AIE_Final-main/control/controller_package/src/task_manager'
[1.092s] [34mcolcon.colcon_core.shell[0m [1;30mINFO[0m Skip shell extension 'powershell' for command environment: Not usable outside of PowerShell
[1.092s] [34mcolcon.colcon_core.shell[0m [1;30mDEBUG[0m [32mSkip shell extension 'dsv' for command environment[0m
[1.192s] [34mcolcon.colcon_core.event_handler.log_command[0m [1;30mDEBUG[0m [32mInvoked command in '/home/aa/dev_ws/AIE_Final-main/control/controller_package/build/robot_msgs' returned '0': CMAKE_PREFIX_PATH=${CMAKE_PREFIX_PATH}:/opt/ros/humble:/home/aa/dev_ws/AIE_Final-main/control/controller_package/install/task_manager:/home/aa/dev_ws/AIE_Final-main/control/controller_package/install/robot_controller:/home/aa/dev_ws/AIE_Final-main/control/controller_package/install/final_project_package /usr/bin/cmake --build /home/aa/dev_ws/AIE_Final-main/control/controller_package/build/robot_msgs -- -j12 -l12[0m
[1.282s] [34mcolcon.colcon_core.event_handler.log_command[0m [1;30mDEBUG[0m [32mInvoking command in '/home/aa/dev_ws/AIE_Final-main/control/controller_package/build/robot_msgs': CMAKE_PREFIX_PATH=${CMAKE_PREFIX_PATH}:/opt/ros/humble:/home/aa/dev_ws/AIE_Final-main/control/controller_package/install/task_manager:/home/aa/dev_ws/AIE_Final-main/control/controller_package/install/robot_controller:/home/aa/dev_ws/AIE_Final-main/control/controller_package/install/final_project_package /usr/bin/cmake --install /home/aa/dev_ws/AIE_Final-main/control/controller_package/build/robot_msgs[0m
[1.355s] [34mcolcon.colcon_core.environment[0m [1;30mLevel 1[0m create_environment_scripts_only(robot_msgs)
[1.355s] [34mcolcon.colcon_core.event_handler.log_command[0m [1;30mDEBUG[0m [32mInvoked command in '/home/aa/dev_ws/AIE_Final-main/control/controller_package/build/robot_msgs' returned '0': CMAKE_PREFIX_PATH=${CMAKE_PREFIX_PATH}:/opt/ros/humble:/home/aa/dev_ws/AIE_Final-main/control/controller_package/install/task_manager:/home/aa/dev_ws/AIE_Final-main/control/controller_package/install/robot_controller:/home/aa/dev_ws/AIE_Final-main/control/controller_package/install/final_project_package /usr/bin/cmake --install /home/aa/dev_ws/AIE_Final-main/control/controller_package/build/robot_msgs[0m
[1.357s] [34mcolcon.colcon_core.environment[0m [1;30mLevel 1[0m checking '/home/aa/dev_ws/AIE_Final-main/control/controller_package/install/robot_msgs' for CMake module files
[1.358s] [34mcolcon.colcon_core.environment[0m [1;30mLevel 1[0m checking '/home/aa/dev_ws/AIE_Final-main/control/controller_package/install/robot_msgs' for CMake config files
[1.358s] [34mcolcon.colcon_core.shell[0m [1;30mLevel 1[0m create_environment_hook('robot_msgs', 'cmake_prefix_path')
[1.358s] [34mcolcon.colcon_core.shell[0m [1;30mINFO[0m Creating environment hook '/home/aa/dev_ws/AIE_Final-main/control/controller_package/install/robot_msgs/share/robot_msgs/hook/cmake_prefix_path.ps1'
[1.359s] [34mcolcon.colcon_core.shell[0m [1;30mINFO[0m Creating environment descriptor '/home/aa/dev_ws/AIE_Final-main/control/controller_package/install/robot_msgs/share/robot_msgs/hook/cmake_prefix_path.dsv'
[1.359s] [34mcolcon.colcon_core.shell[0m [1;30mINFO[0m Creating environment hook '/home/aa/dev_ws/AIE_Final-main/control/controller_package/install/robot_msgs/share/robot_msgs/hook/cmake_prefix_path.sh'
[1.360s] [34mcolcon.colcon_core.environment[0m [1;30mLevel 1[0m checking '/home/aa/dev_ws/AIE_Final-main/control/controller_package/install/robot_msgs/lib'
[1.360s] [34mcolcon.colcon_core.shell[0m [1;30mLevel 1[0m create_environment_hook('robot_msgs', 'ld_library_path_lib')
[1.360s] [34mcolcon.colcon_core.shell[0m [1;30mINFO[0m Creating environment hook '/home/aa/dev_ws/AIE_Final-main/control/controller_package/install/robot_msgs/share/robot_msgs/hook/ld_library_path_lib.ps1'
[1.360s] [34mcolcon.colcon_core.shell[0m [1;30mINFO[0m Creating environment descriptor '/home/aa/dev_ws/AIE_Final-main/control/controller_package/install/robot_msgs/share/robot_msgs/hook/ld_library_path_lib.dsv'
[1.361s] [34mcolcon.colcon_core.shell[0m [1;30mINFO[0m Creating environment hook '/home/aa/dev_ws/AIE_Final-main/control/controller_package/install/robot_msgs/share/robot_msgs/hook/ld_library_path_lib.sh'
[1.361s] [34mcolcon.colcon_core.environment[0m [1;30mLevel 1[0m checking '/home/aa/dev_ws/AIE_Final-main/control/controller_package/install/robot_msgs/bin'
[1.361s] [34mcolcon.colcon_core.environment[0m [1;30mLevel 1[0m checking '/home/aa/dev_ws/AIE_Final-main/control/controller_package/install/robot_msgs/lib/pkgconfig/robot_msgs.pc'
[1.361s] [34mcolcon.colcon_core.environment[0m [1;30mLevel 1[0m checking '/home/aa/dev_ws/AIE_Final-main/control/controller_package/install/robot_msgs/lib/python3.10/site-packages'
[1.361s] [34mcolcon.colcon_core.environment[0m [1;30mLevel 1[0m checking '/home/aa/dev_ws/AIE_Final-main/control/controller_package/install/robot_msgs/bin'
[1.362s] [34mcolcon.colcon_core.shell[0m [1;30mINFO[0m Creating package script '/home/aa/dev_ws/AIE_Final-main/control/controller_package/install/robot_msgs/share/robot_msgs/package.ps1'
[1.363s] [34mcolcon.colcon_core.shell[0m [1;30mINFO[0m Creating package descriptor '/home/aa/dev_ws/AIE_Final-main/control/controller_package/install/robot_msgs/share/robot_msgs/package.dsv'
[1.363s] [34mcolcon.colcon_core.shell[0m [1;30mINFO[0m Creating package script '/home/aa/dev_ws/AIE_Final-main/control/controller_package/install/robot_msgs/share/robot_msgs/package.sh'
[1.364s] [34mcolcon.colcon_core.shell[0m [1;30mINFO[0m Creating package script '/home/aa/dev_ws/AIE_Final-main/control/controller_package/install/robot_msgs/share/robot_msgs/package.bash'
[1.364s] [34mcolcon.colcon_core.shell[0m [1;30mINFO[0m Creating package script '/home/aa/dev_ws/AIE_Final-main/control/controller_package/install/robot_msgs/share/robot_msgs/package.zsh'
[1.365s] [34mcolcon.colcon_core.environment[0m [1;30mLevel 1[0m create_file_with_runtime_dependencies(/home/aa/dev_ws/AIE_Final-main/control/controller_package/install/robot_msgs/share/colcon-core/packages/robot_msgs)
[1.457s] [34mcolcon.colcon_core.environment[0m [1;30mLevel 1[0m create_environment_scripts_only(robot_msgs)
[1.457s] [34mcolcon.colcon_core.environment[0m [1;30mLevel 1[0m checking '/home/aa/dev_ws/AIE_Final-main/control/controller_package/install/robot_msgs' for CMake module files
[1.458s] [34mcolcon.colcon_core.environment[0m [1;30mLevel 1[0m checking '/home/aa/dev_ws/AIE_Final-main/control/controller_package/install/robot_msgs' for CMake config files
[1.458s] [34mcolcon.colcon_core.shell[0m [1;30mLevel 1[0m create_environment_hook('robot_msgs', 'cmake_prefix_path')
[1.459s] [34mcolcon.colcon_core.shell[0m [1;30mINFO[0m Creating environment hook '/home/aa/dev_ws/AIE_Final-main/control/controller_package/install/robot_msgs/share/robot_msgs/hook/cmake_prefix_path.ps1'
[1.459s] [34mcolcon.colcon_core.shell[0m [1;30mINFO[0m Creating environment descriptor '/home/aa/dev_ws/AIE_Final-main/control/controller_package/install/robot_msgs/share/robot_msgs/hook/cmake_prefix_path.dsv'
[1.460s] [34mcolcon.colcon_core.shell[0m [1;30mINFO[0m Creating environment hook '/home/aa/dev_ws/AIE_Final-main/control/controller_package/install/robot_msgs/share/robot_msgs/hook/cmake_prefix_path.sh'
[1.461s] [34mcolcon.colcon_core.environment[0m [1;30mLevel 1[0m checking '/home/aa/dev_ws/AIE_Final-main/control/controller_package/install/robot_msgs/lib'
[1.461s] [34mcolcon.colcon_core.shell[0m [1;30mLevel 1[0m create_environment_hook('robot_msgs', 'ld_library_path_lib')
[1.461s] [34mcolcon.colcon_core.shell[0m [1;30mINFO[0m Creating environment hook '/home/aa/dev_ws/AIE_Final-main/control/controller_package/install/robot_msgs/share/robot_msgs/hook/ld_library_path_lib.ps1'
[1.461s] [34mcolcon.colcon_core.shell[0m [1;30mINFO[0m Creating environment descriptor '/home/aa/dev_ws/AIE_Final-main/control/controller_package/install/robot_msgs/share/robot_msgs/hook/ld_library_path_lib.dsv'
[1.462s] [34mcolcon.colcon_core.shell[0m [1;30mINFO[0m Creating environment hook '/home/aa/dev_ws/AIE_Final-main/control/controller_package/install/robot_msgs/share/robot_msgs/hook/ld_library_path_lib.sh'
[1.462s] [34mcolcon.colcon_core.environment[0m [1;30mLevel 1[0m checking '/home/aa/dev_ws/AIE_Final-main/control/controller_package/install/robot_msgs/bin'
[1.462s] [34mcolcon.colcon_core.environment[0m [1;30mLevel 1[0m checking '/home/aa/dev_ws/AIE_Final-main/control/controller_package/install/robot_msgs/lib/pkgconfig/robot_msgs.pc'
[1.462s] [34mcolcon.colcon_core.environment[0m [1;30mLevel 1[0m checking '/home/aa/dev_ws/AIE_Final-main/control/controller_package/install/robot_msgs/lib/python3.10/site-packages'
[1.462s] [34mcolcon.colcon_core.environment[0m [1;30mLevel 1[0m checking '/home/aa/dev_ws/AIE_Final-main/control/controller_package/install/robot_msgs/bin'
[1.462s] [34mcolcon.colcon_core.shell[0m [1;30mINFO[0m Creating package script '/home/aa/dev_ws/AIE_Final-main/control/controller_package/install/robot_msgs/share/robot_msgs/package.ps1'
[1.463s] [34mcolcon.colcon_core.shell[0m [1;30mINFO[0m Creating package descriptor '/home/aa/dev_ws/AIE_Final-main/control/controller_package/install/robot_msgs/share/robot_msgs/package.dsv'
[1.463s] [34mcolcon.colcon_core.shell[0m [1;30mINFO[0m Creating package script '/home/aa/dev_ws/AIE_Final-main/control/controller_package/install/robot_msgs/share/robot_msgs/package.sh'
[1.463s] [34mcolcon.colcon_core.shell[0m [1;30mINFO[0m Creating package script '/home/aa/dev_ws/AIE_Final-main/control/controller_package/install/robot_msgs/share/robot_msgs/package.bash'
[1.464s] [34mcolcon.colcon_core.shell[0m [1;30mINFO[0m Creating package script '/home/aa/dev_ws/AIE_Final-main/control/controller_package/install/robot_msgs/share/robot_msgs/package.zsh'
[1.464s] [34mcolcon.colcon_core.environment[0m [1;30mLevel 1[0m create_file_with_runtime_dependencies(/home/aa/dev_ws/AIE_Final-main/control/controller_package/install/robot_msgs/share/colcon-core/packages/robot_msgs)
[1.467s] [34mcolcon.colcon_core.event_handler.log_command[0m [1;30mDEBUG[0m [32mInvoking command in '/home/aa/dev_ws/AIE_Final-main/control/controller_package/src/robot_controller': PYTHONPATH=/home/aa/dev_ws/AIE_Final-main/control/controller_package/build/robot_controller/prefix_override:/usr/lib/python3/dist-packages/colcon_core/task/python/colcon_distutils_commands:/home/aa/dev_ws/AIE_Final-main/control/controller_package/install/robot_controller/lib/python3.10/site-packages:${PYTHONPATH} /usr/bin/python3 -W ignore:setup.py install is deprecated setup.py egg_info --egg-base ../../build/robot_controller build --build-base /home/aa/dev_ws/AIE_Final-main/control/controller_package/build/robot_controller/build install --record /home/aa/dev_ws/AIE_Final-main/control/controller_package/build/robot_controller/install.log --single-version-externally-managed install_data[0m
[1.470s] [34mcolcon.colcon_core.event_handler.log_command[0m [1;30mDEBUG[0m [32mInvoking command in '/home/aa/dev_ws/AIE_Final-main/control/controller_package/src/final_project_package': PYTHONPATH=/home/aa/dev_ws/AIE_Final-main/control/controller_package/build/final_project_package/prefix_override:/usr/lib/python3/dist-packages/colcon_core/task/python/colcon_distutils_commands:/home/aa/dev_ws/AIE_Final-main/control/controller_package/install/final_project_package/lib/python3.10/site-packages:${PYTHONPATH} /usr/bin/python3 -W ignore:setup.py install is deprecated setup.py egg_info --egg-base ../../build/final_project_package build --build-base /home/aa/dev_ws/AIE_Final-main/control/controller_package/build/final_project_package/build install --record /home/aa/dev_ws/AIE_Final-main/control/controller_package/build/final_project_package/install.log --single-version-externally-managed install_data[0m
[1.470s] [34mcolcon.colcon_core.event_handler.log_command[0m [1;30mDEBUG[0m [32mInvoking command in '/home/aa/dev_ws/AIE_Final-main/control/controller_package/src/task_manager': PYTHONPATH=/home/aa/dev_ws/AIE_Final-main/control/controller_package/build/task_manager/prefix_override:/usr/lib/python3/dist-packages/colcon_core/task/python/colcon_distutils_commands:/home/aa/dev_ws/AIE_Final-main/control/controller_package/install/task_manager/lib/python3.10/site-packages:${PYTHONPATH} /usr/bin/python3 -W ignore:setup.py install is deprecated setup.py egg_info --egg-base ../../build/task_manager build --build-base /home/aa/dev_ws/AIE_Final-main/control/controller_package/build/task_manager/build install --record /home/aa/dev_ws/AIE_Final-main/control/controller_package/build/task_manager/install.log --single-version-externally-managed install_data[0m
[1.751s] [34mcolcon.colcon_core.environment[0m [1;30mLevel 1[0m checking '/home/aa/dev_ws/AIE_Final-main/control/controller_package/install/final_project_package' for CMake module files
[1.752s] [34mcolcon.colcon_core.event_handler.log_command[0m [1;30mDEBUG[0m [32mInvoked command in '/home/aa/dev_ws/AIE_Final-main/control/controller_package/src/final_project_package' returned '0': PYTHONPATH=/home/aa/dev_ws/AIE_Final-main/control/controller_package/build/final_project_package/prefix_override:/usr/lib/python3/dist-packages/colcon_core/task/python/colcon_distutils_commands:/home/aa/dev_ws/AIE_Final-main/control/controller_package/install/final_project_package/lib/python3.10/site-packages:${PYTHONPATH} /usr/bin/python3 -W ignore:setup.py install is deprecated setup.py egg_info --egg-base ../../build/final_project_package build --build-base /home/aa/dev_ws/AIE_Final-main/control/controller_package/build/final_project_package/build install --record /home/aa/dev_ws/AIE_Final-main/control/controller_package/build/final_project_package/install.log --single-version-externally-managed install_data[0m
[1.752s] [34mcolcon.colcon_core.environment[0m [1;30mLevel 1[0m checking '/home/aa/dev_ws/AIE_Final-main/control/controller_package/install/final_project_package' for CMake config files
[1.753s] [34mcolcon.colcon_core.environment[0m [1;30mLevel 1[0m checking '/home/aa/dev_ws/AIE_Final-main/control/controller_package/install/final_project_package/lib'
[1.753s] [34mcolcon.colcon_core.environment[0m [1;30mLevel 1[0m checking '/home/aa/dev_ws/AIE_Final-main/control/controller_package/install/final_project_package/bin'
[1.753s] [34mcolcon.colcon_core.environment[0m [1;30mLevel 1[0m checking '/home/aa/dev_ws/AIE_Final-main/control/controller_package/install/final_project_package/lib/pkgconfig/final_project_package.pc'
[1.753s] [34mcolcon.colcon_core.environment[0m [1;30mLevel 1[0m checking '/home/aa/dev_ws/AIE_Final-main/control/controller_package/install/final_project_package/lib/python3.10/site-packages'
[1.753s] [34mcolcon.colcon_core.shell[0m [1;30mLevel 1[0m create_environment_hook('final_project_package', 'pythonpath')
[1.753s] [34mcolcon.colcon_core.shell[0m [1;30mINFO[0m Creating environment hook '/home/aa/dev_ws/AIE_Final-main/control/controller_package/install/final_project_package/share/final_project_package/hook/pythonpath.ps1'
[1.754s] [34mcolcon.colcon_core.shell[0m [1;30mINFO[0m Creating environment descriptor '/home/aa/dev_ws/AIE_Final-main/control/controller_package/install/final_project_package/share/final_project_package/hook/pythonpath.dsv'
[1.754s] [34mcolcon.colcon_core.shell[0m [1;30mINFO[0m Creating environment hook '/home/aa/dev_ws/AIE_Final-main/control/controller_package/install/final_project_package/share/final_project_package/hook/pythonpath.sh'
[1.754s] [34mcolcon.colcon_core.environment[0m [1;30mLevel 1[0m checking '/home/aa/dev_ws/AIE_Final-main/control/controller_package/install/final_project_package/bin'
[1.754s] [34mcolcon.colcon_core.environment[0m [1;30mLevel 1[0m create_environment_scripts_only(final_project_package)
[1.754s] [34mcolcon.colcon_core.shell[0m [1;30mINFO[0m Creating package script '/home/aa/dev_ws/AIE_Final-main/control/controller_package/install/final_project_package/share/final_project_package/package.ps1'
[1.755s] [34mcolcon.colcon_core.shell[0m [1;30mINFO[0m Creating package descriptor '/home/aa/dev_ws/AIE_Final-main/control/controller_package/install/final_project_package/share/final_project_package/package.dsv'
[1.755s] [34mcolcon.colcon_core.shell[0m [1;30mINFO[0m Creating package script '/home/aa/dev_ws/AIE_Final-main/control/controller_package/install/final_project_package/share/final_project_package/package.sh'
[1.755s] [34mcolcon.colcon_core.shell[0m [1;30mINFO[0m Creating package script '/home/aa/dev_ws/AIE_Final-main/control/controller_package/install/final_project_package/share/final_project_package/package.bash'
[1.756s] [34mcolcon.colcon_core.shell[0m [1;30mINFO[0m Creating package script '/home/aa/dev_ws/AIE_Final-main/control/controller_package/install/final_project_package/share/final_project_package/package.zsh'
[1.756s] [34mcolcon.colcon_core.environment[0m [1;30mLevel 1[0m create_file_with_runtime_dependencies(/home/aa/dev_ws/AIE_Final-main/control/controller_package/install/final_project_package/share/colcon-core/packages/final_project_package)
[1.757s] [34mcolcon.colcon_core.environment[0m [1;30mLevel 1[0m checking '/home/aa/dev_ws/AIE_Final-main/control/controller_package/install/task_manager' for CMake module files
[1.757s] [34mcolcon.colcon_core.event_handler.log_command[0m [1;30mDEBUG[0m [32mInvoked command in '/home/aa/dev_ws/AIE_Final-main/control/controller_package/src/task_manager' returned '0': PYTHONPATH=/home/aa/dev_ws/AIE_Final-main/control/controller_package/build/task_manager/prefix_override:/usr/lib/python3/dist-packages/colcon_core/task/python/colcon_distutils_commands:/home/aa/dev_ws/AIE_Final-main/control/controller_package/install/task_manager/lib/python3.10/site-packages:${PYTHONPATH} /usr/bin/python3 -W ignore:setup.py install is deprecated setup.py egg_info --egg-base ../../build/task_manager build --build-base /home/aa/dev_ws/AIE_Final-main/control/controller_package/build/task_manager/build install --record /home/aa/dev_ws/AIE_Final-main/control/controller_package/build/task_manager/install.log --single-version-externally-managed install_data[0m
[1.757s] [34mcolcon.colcon_core.environment[0m [1;30mLevel 1[0m checking '/home/aa/dev_ws/AIE_Final-main/control/controller_package/install/task_manager' for CMake config files
[1.758s] [34mcolcon.colcon_core.environment[0m [1;30mLevel 1[0m checking '/home/aa/dev_ws/AIE_Final-main/control/controller_package/install/task_manager/lib'
[1.758s] [34mcolcon.colcon_core.environment[0m [1;30mLevel 1[0m checking '/home/aa/dev_ws/AIE_Final-main/control/controller_package/install/task_manager/bin'
[1.758s] [34mcolcon.colcon_core.environment[0m [1;30mLevel 1[0m checking '/home/aa/dev_ws/AIE_Final-main/control/controller_package/install/task_manager/lib/pkgconfig/task_manager.pc'
[1.758s] [34mcolcon.colcon_core.environment[0m [1;30mLevel 1[0m checking '/home/aa/dev_ws/AIE_Final-main/control/controller_package/install/task_manager/lib/python3.10/site-packages'
[1.758s] [34mcolcon.colcon_core.shell[0m [1;30mLevel 1[0m create_environment_hook('task_manager', 'pythonpath')
[1.758s] [34mcolcon.colcon_core.shell[0m [1;30mINFO[0m Creating environment hook '/home/aa/dev_ws/AIE_Final-main/control/controller_package/install/task_manager/share/task_manager/hook/pythonpath.ps1'
[1.758s] [34mcolcon.colcon_core.shell[0m [1;30mINFO[0m Creating environment descriptor '/home/aa/dev_ws/AIE_Final-main/control/controller_package/install/task_manager/share/task_manager/hook/pythonpath.dsv'
[1.759s] [34mcolcon.colcon_core.shell[0m [1;30mINFO[0m Creating environment hook '/home/aa/dev_ws/AIE_Final-main/control/controller_package/install/task_manager/share/task_manager/hook/pythonpath.sh'
[1.759s] [34mcolcon.colcon_core.environment[0m [1;30mLevel 1[0m checking '/home/aa/dev_ws/AIE_Final-main/control/controller_package/install/task_manager/bin'
[1.759s] [34mcolcon.colcon_core.environment[0m [1;30mLevel 1[0m create_environment_scripts_only(task_manager)
[1.759s] [34mcolcon.colcon_core.shell[0m [1;30mINFO[0m Creating package script '/home/aa/dev_ws/AIE_Final-main/control/controller_package/install/task_manager/share/task_manager/package.ps1'
[1.760s] [34mcolcon.colcon_core.shell[0m [1;30mINFO[0m Creating package descriptor '/home/aa/dev_ws/AIE_Final-main/control/controller_package/install/task_manager/share/task_manager/package.dsv'
[1.760s] [34mcolcon.colcon_core.shell[0m [1;30mINFO[0m Creating package script '/home/aa/dev_ws/AIE_Final-main/control/controller_package/install/task_manager/share/task_manager/package.sh'
[1.760s] [34mcolcon.colcon_core.shell[0m [1;30mINFO[0m Creating package script '/home/aa/dev_ws/AIE_Final-main/control/controller_package/install/task_manager/share/task_manager/package.bash'
[1.761s] [34mcolcon.colcon_core.shell[0m [1;30mINFO[0m Creating package script '/home/aa/dev_ws/AIE_Final-main/control/controller_package/install/task_manager/share/task_manager/package.zsh'
[1.761s] [34mcolcon.colcon_core.environment[0m [1;30mLevel 1[0m create_file_with_runtime_dependencies(/home/aa/dev_ws/AIE_Final-main/control/controller_package/install/task_manager/share/colcon-core/packages/task_manager)
[1.761s] [34mcolcon.colcon_core.environment[0m [1;30mLevel 1[0m checking '/home/aa/dev_ws/AIE_Final-main/control/controller_package/install/robot_controller' for CMake module files
[1.762s] [34mcolcon.colcon_core.environment[0m [1;30mLevel 1[0m checking '/home/aa/dev_ws/AIE_Final-main/control/controller_package/install/robot_controller' for CMake config files
[1.762s] [34mcolcon.colcon_core.event_handler.log_command[0m [1;30mDEBUG[0m [32mInvoked command in '/home/aa/dev_ws/AIE_Final-main/control/controller_package/src/robot_controller' returned '0': PYTHONPATH=/home/aa/dev_ws/AIE_Final-main/control/controller_package/build/robot_controller/prefix_override:/usr/lib/python3/dist-packages/colcon_core/task/python/colcon_distutils_commands:/home/aa/dev_ws/AIE_Final-main/control/controller_package/install/robot_controller/lib/python3.10/site-packages:${PYTHONPATH} /usr/bin/python3 -W ignore:setup.py install is deprecated setup.py egg_info --egg-base ../../build/robot_controller build --build-base /home/aa/dev_ws/AIE_Final-main/control/controller_package/build/robot_controller/build install --record /home/aa/dev_ws/AIE_Final-main/control/controller_package/build/robot_controller/install.log --single-version-externally-managed install_data[0m
[1.762s] [34mcolcon.colcon_core.environment[0m [1;30mLevel 1[0m checking '/home/aa/dev_ws/AIE_Final-main/control/controller_package/install/robot_controller/lib'
[1.763s] [34mcolcon.colcon_core.environment[0m [1;30mLevel 1[0m checking '/home/aa/dev_ws/AIE_Final-main/control/controller_package/install/robot_controller/bin'
[1.763s] [34mcolcon.colcon_core.environment[0m [1;30mLevel 1[0m checking '/home/aa/dev_ws/AIE_Final-main/control/controller_package/install/robot_controller/lib/pkgconfig/robot_controller.pc'
[1.763s] [34mcolcon.colcon_core.environment[0m [1;30mLevel 1[0m checking '/home/aa/dev_ws/AIE_Final-main/control/controller_package/install/robot_controller/lib/python3.10/site-packages'
[1.763s] [34mcolcon.colcon_core.shell[0m [1;30mLevel 1[0m create_environment_hook('robot_controller', 'pythonpath')
[1.763s] [34mcolcon.colcon_core.shell[0m [1;30mINFO[0m Creating environment hook '/home/aa/dev_ws/AIE_Final-main/control/controller_package/install/robot_controller/share/robot_controller/hook/pythonpath.ps1'
[1.763s] [34mcolcon.colcon_core.shell[0m [1;30mINFO[0m Creating environment descriptor '/home/aa/dev_ws/AIE_Final-main/control/controller_package/install/robot_controller/share/robot_controller/hook/pythonpath.dsv'
[1.763s] [34mcolcon.colcon_core.shell[0m [1;30mINFO[0m Creating environment hook '/home/aa/dev_ws/AIE_Final-main/control/controller_package/install/robot_controller/share/robot_controller/hook/pythonpath.sh'
[1.764s] [34mcolcon.colcon_core.environment[0m [1;30mLevel 1[0m checking '/home/aa/dev_ws/AIE_Final-main/control/controller_package/install/robot_controller/bin'
[1.764s] [34mcolcon.colcon_core.environment[0m [1;30mLevel 1[0m create_environment_scripts_only(robot_controller)
[1.764s] [34mcolcon.colcon_core.shell[0m [1;30mINFO[0m Creating package script '/home/aa/dev_ws/AIE_Final-main/control/controller_package/install/robot_controller/share/robot_controller/package.ps1'
[1.764s] [34mcolcon.colcon_core.shell[0m [1;30mINFO[0m Creating package descriptor '/home/aa/dev_ws/AIE_Final-main/control/controller_package/install/robot_controller/share/robot_controller/package.dsv'
[1.765s] [34mcolcon.colcon_core.shell[0m [1;30mINFO[0m Creating package script '/home/aa/dev_ws/AIE_Final-main/control/controller_package/install/robot_controller/share/robot_controller/package.sh'
[1.765s] [34mcolcon.colcon_core.shell[0m [1;30mINFO[0m Creating package script '/home/aa/dev_ws/AIE_Final-main/control/controller_package/install/robot_controller/share/robot_controller/package.bash'
[1.765s] [34mcolcon.colcon_core.shell[0m [1;30mINFO[0m Creating package script '/home/aa/dev_ws/AIE_Final-main/control/controller_package/install/robot_controller/share/robot_controller/package.zsh'
[1.765s] [34mcolcon.colcon_core.environment[0m [1;30mLevel 1[0m create_file_with_runtime_dependencies(/home/aa/dev_ws/AIE_Final-main/control/controller_package/install/robot_controller/share/colcon-core/packages/robot_controller)
[1.765s] [34mcolcon.colcon_parallel_executor.executor.parallel[0m [1;30mDEBUG[0m [32mclosing loop[0m
[1.766s] [34mcolcon.colcon_parallel_executor.executor.parallel[0m [1;30mDEBUG[0m [32mloop closed[0m
[1.766s] [34mcolcon.colcon_parallel_executor.executor.parallel[0m [1;30mDEBUG[0m [32mrun_until_complete finished with '0'[0m
[1.766s] [34mcolcon.colcon_core.event_reactor[0m [1;30mDEBUG[0m [32mjoining thread[0m
[1.770s] [34mcolcon.colcon_core.plugin_system[0m [1;30mINFO[0m Skipping extension 'colcon_notification.desktop_notification.terminal_notifier': Not used on non-Darwin systems
[1.770s] [34mcolcon.colcon_core.plugin_system[0m [1;30mINFO[0m Skipping extension 'colcon_notification.desktop_notification.win32': Not used on non-Windows systems
[1.770s] [34mcolcon.colcon_notification.desktop_notification[0m [1;30mINFO[0m Sending desktop notification using 'notify2'
[1.779s] [34mcolcon.colcon_core.event_reactor[0m [1;30mDEBUG[0m [32mjoined thread[0m
[1.780s] [34mcolcon.colcon_core.shell[0m [1;30mINFO[0m Creating prefix script '/home/aa/dev_ws/AIE_Final-main/control/controller_package/install/local_setup.ps1'
[1.780s] [34mcolcon.colcon_core.shell[0m [1;30mINFO[0m Creating prefix util module '/home/aa/dev_ws/AIE_Final-main/control/controller_package/install/_local_setup_util_ps1.py'
[1.781s] [34mcolcon.colcon_core.shell[0m [1;30mINFO[0m Creating prefix chain script '/home/aa/dev_ws/AIE_Final-main/control/controller_package/install/setup.ps1'
[1.782s] [34mcolcon.colcon_core.shell[0m [1;30mINFO[0m Creating prefix script '/home/aa/dev_ws/AIE_Final-main/control/controller_package/install/local_setup.sh'
[1.783s] [34mcolcon.colcon_core.shell[0m [1;30mINFO[0m Creating prefix util module '/home/aa/dev_ws/AIE_Final-main/control/controller_package/install/_local_setup_util_sh.py'
[1.783s] [34mcolcon.colcon_core.shell[0m [1;30mINFO[0m Creating prefix chain script '/home/aa/dev_ws/AIE_Final-main/control/controller_package/install/setup.sh'
[1.784s] [34mcolcon.colcon_core.shell[0m [1;30mINFO[0m Creating prefix script '/home/aa/dev_ws/AIE_Final-main/control/controller_package/install/local_setup.bash'
[1.784s] [34mcolcon.colcon_core.shell[0m [1;30mINFO[0m Creating prefix chain script '/home/aa/dev_ws/AIE_Final-main/control/controller_package/install/setup.bash'
[1.785s] [34mcolcon.colcon_core.shell[0m [1;30mINFO[0m Creating prefix script '/home/aa/dev_ws/AIE_Final-main/control/controller_package/install/local_setup.zsh'
[1.785s] [34mcolcon.colcon_core.shell[0m [1;30mINFO[0m Creating prefix chain script '/home/aa/dev_ws/AIE_Final-main/control/controller_package/install/setup.zsh'
