running egg_info
writing ../../build/final_project_package/final_project_package.egg-info/PKG-INFO
writing dependency_links to ../../build/final_project_package/final_project_package.egg-info/dependency_links.txt
writing entry points to ../../build/final_project_package/final_project_package.egg-info/entry_points.txt
writing requirements to ../../build/final_project_package/final_project_package.egg-info/requires.txt
writing top-level names to ../../build/final_project_package/final_project_package.egg-info/top_level.txt
reading manifest file '../../build/final_project_package/final_project_package.egg-info/SOURCES.txt'
writing manifest file '../../build/final_project_package/final_project_package.egg-info/SOURCES.txt'
running build
running build_py
copying final_project_package/object_data_publisher.py -> /home/aa/dev_ws/AIE_Final-main/control/controller_package/build/final_project_package/build/lib/final_project_package
running install
running install_lib
copying /home/aa/dev_ws/AIE_Final-main/control/controller_package/build/final_project_package/build/lib/final_project_package/object_data_publisher.py -> /home/aa/dev_ws/AIE_Final-main/control/controller_package/install/final_project_package/lib/python3.10/site-packages/final_project_package
byte-compiling /home/aa/dev_ws/AIE_Final-main/control/controller_package/install/final_project_package/lib/python3.10/site-packages/final_project_package/object_data_publisher.py to object_data_publisher.cpython-310.pyc
running install_data
running install_egg_info
removing '/home/aa/dev_ws/AIE_Final-main/control/controller_package/install/final_project_package/lib/python3.10/site-packages/final_project_package-0.0.0-py3.10.egg-info' (and everything under it)
Copying ../../build/final_project_package/final_project_package.egg-info to /home/aa/dev_ws/AIE_Final-main/control/controller_package/install/final_project_package/lib/python3.10/site-packages/final_project_package-0.0.0-py3.10.egg-info
running install_scripts
Installing object_data_publisher script to /home/aa/dev_ws/AIE_Final-main/control/controller_package/install/final_project_package/lib/final_project_package
writing list of installed files to '/home/aa/dev_ws/AIE_Final-main/control/controller_package/build/final_project_package/install.log'
