[1.106s] Invoking command in '/home/aa/dev_ws/AIE_Final-main/control/controller_package/src/task_manager': PYTHONPATH=/home/aa/dev_ws/AIE_Final-main/control/controller_package/build/task_manager/prefix_override:/usr/lib/python3/dist-packages/colcon_core/task/python/colcon_distutils_commands:/home/aa/dev_ws/AIE_Final-main/control/controller_package/install/task_manager/lib/python3.10/site-packages:${PYTHONPATH} /usr/bin/python3 -W ignore:setup.py install is deprecated setup.py egg_info --egg-base ../../build/task_manager build --build-base /home/aa/dev_ws/AIE_Final-main/control/controller_package/build/task_manager/build install --record /home/aa/dev_ws/AIE_Final-main/control/controller_package/build/task_manager/install.log --single-version-externally-managed install_data
[1.332s] running egg_info
[1.333s] writing ../../build/task_manager/task_manager.egg-info/PKG-INFO
[1.333s] writing dependency_links to ../../build/task_manager/task_manager.egg-info/dependency_links.txt
[1.333s] writing entry points to ../../build/task_manager/task_manager.egg-info/entry_points.txt
[1.333s] writing requirements to ../../build/task_manager/task_manager.egg-info/requires.txt
[1.333s] writing top-level names to ../../build/task_manager/task_manager.egg-info/top_level.txt
[1.335s] reading manifest file '../../build/task_manager/task_manager.egg-info/SOURCES.txt'
[1.336s] writing manifest file '../../build/task_manager/task_manager.egg-info/SOURCES.txt'
[1.336s] running build
[1.336s] running build_py
[1.336s] running install
[1.336s] running install_lib
[1.337s] running install_data
[1.338s] running install_egg_info
[1.339s] removing '/home/aa/dev_ws/AIE_Final-main/control/controller_package/install/task_manager/lib/python3.10/site-packages/task_manager-0.0.0-py3.10.egg-info' (and everything under it)
[1.339s] Copying ../../build/task_manager/task_manager.egg-info to /home/aa/dev_ws/AIE_Final-main/control/controller_package/install/task_manager/lib/python3.10/site-packages/task_manager-0.0.0-py3.10.egg-info
[1.340s] running install_scripts
[1.359s] Installing moving_order_node script to /home/aa/dev_ws/AIE_Final-main/control/controller_package/install/task_manager/lib/task_manager
[1.359s] writing list of installed files to '/home/aa/dev_ws/AIE_Final-main/control/controller_package/build/task_manager/install.log'
[1.397s] Invoked command in '/home/aa/dev_ws/AIE_Final-main/control/controller_package/src/task_manager' returned '0': PYTHONPATH=/home/aa/dev_ws/AIE_Final-main/control/controller_package/build/task_manager/prefix_override:/usr/lib/python3/dist-packages/colcon_core/task/python/colcon_distutils_commands:/home/aa/dev_ws/AIE_Final-main/control/controller_package/install/task_manager/lib/python3.10/site-packages:${PYTHONPATH} /usr/bin/python3 -W ignore:setup.py install is deprecated setup.py egg_info --egg-base ../../build/task_manager build --build-base /home/aa/dev_ws/AIE_Final-main/control/controller_package/build/task_manager/build install --record /home/aa/dev_ws/AIE_Final-main/control/controller_package/build/task_manager/install.log --single-version-externally-managed install_data
