[  1%] Built target robot_msgs__cpp
[ 12%] Built target robot_msgs__rosidl_generator_c
[ 12%] Built target ament_cmake_python_copy_robot_msgs
[ 23%] Built target robot_msgs__rosidl_typesupport_cpp
[ 46%] Built target robot_msgs__rosidl_typesupport_introspection_cpp
[ 46%] Built target robot_msgs__rosidl_typesupport_fastrtps_cpp
[ 60%] Built target robot_msgs__rosidl_typesupport_introspection_c
[ 69%] Built target robot_msgs__rosidl_typesupport_fastrtps_c
[ 79%] Built target robot_msgs__rosidl_typesupport_c
[ 79%] Built target robot_msgs
[ 80%] Built target robot_msgs__py
[ 90%] Built target robot_msgs__rosidl_generator_py
[ 96%] Built target robot_msgs__rosidl_typesupport_c__pyext
[ 96%] Built target robot_msgs__rosidl_typesupport_introspection_c__pyext
[100%] Built target robot_msgs__rosidl_typesupport_fastrtps_c__pyext
running egg_info
writing robot_msgs.egg-info/PKG-INFO
writing dependency_links to robot_msgs.egg-info/dependency_links.txt
writing top-level names to robot_msgs.egg-info/top_level.txt
reading manifest file 'robot_msgs.egg-info/SOURCES.txt'
writing manifest file 'robot_msgs.egg-info/SOURCES.txt'
[100%] Built target ament_cmake_python_build_robot_msgs_egg
-- Install configuration: ""
-- Up-to-date: /home/aa/dev_ws/AIE_Final-main/control/controller_package/install/robot_msgs/share/ament_index/resource_index/rosidl_interfaces/robot_msgs
-- Up-to-date: /home/aa/dev_ws/AIE_Final-main/control/controller_package/install/robot_msgs/include/robot_msgs/robot_msgs
-- Up-to-date: /home/aa/dev_ws/AIE_Final-main/control/controller_package/install/robot_msgs/include/robot_msgs/robot_msgs/action
-- Up-to-date: /home/aa/dev_ws/AIE_Final-main/control/controller_package/install/robot_msgs/include/robot_msgs/robot_msgs/action/detail
-- Up-to-date: /home/aa/dev_ws/AIE_Final-main/control/controller_package/install/robot_msgs/include/robot_msgs/robot_msgs/action/detail/move_to_goal__functions.c
-- Up-to-date: /home/aa/dev_ws/AIE_Final-main/control/controller_package/install/robot_msgs/include/robot_msgs/robot_msgs/action/detail/move_to_goal__type_support.h
-- Up-to-date: /home/aa/dev_ws/AIE_Final-main/control/controller_package/install/robot_msgs/include/robot_msgs/robot_msgs/action/detail/move_to_goal__functions.h
-- Up-to-date: /home/aa/dev_ws/AIE_Final-main/control/controller_package/install/robot_msgs/include/robot_msgs/robot_msgs/action/detail/move_to_goal__struct.h
-- Up-to-date: /home/aa/dev_ws/AIE_Final-main/control/controller_package/install/robot_msgs/include/robot_msgs/robot_msgs/action/move_to_goal.h
-- Up-to-date: /home/aa/dev_ws/AIE_Final-main/control/controller_package/install/robot_msgs/include/robot_msgs/robot_msgs/msg
-- Up-to-date: /home/aa/dev_ws/AIE_Final-main/control/controller_package/install/robot_msgs/include/robot_msgs/robot_msgs/msg/robot_status.h
-- Up-to-date: /home/aa/dev_ws/AIE_Final-main/control/controller_package/install/robot_msgs/include/robot_msgs/robot_msgs/msg/rosidl_generator_c__visibility_control.h
-- Up-to-date: /home/aa/dev_ws/AIE_Final-main/control/controller_package/install/robot_msgs/include/robot_msgs/robot_msgs/msg/goal_pose.h
-- Up-to-date: /home/aa/dev_ws/AIE_Final-main/control/controller_package/install/robot_msgs/include/robot_msgs/robot_msgs/msg/object_pose.h
-- Up-to-date: /home/aa/dev_ws/AIE_Final-main/control/controller_package/install/robot_msgs/include/robot_msgs/robot_msgs/msg/temp_pose.h
-- Up-to-date: /home/aa/dev_ws/AIE_Final-main/control/controller_package/install/robot_msgs/include/robot_msgs/robot_msgs/msg/detail
-- Up-to-date: /home/aa/dev_ws/AIE_Final-main/control/controller_package/install/robot_msgs/include/robot_msgs/robot_msgs/msg/detail/object_pose__type_support.h
-- Up-to-date: /home/aa/dev_ws/AIE_Final-main/control/controller_package/install/robot_msgs/include/robot_msgs/robot_msgs/msg/detail/goal_pose__functions.h
-- Up-to-date: /home/aa/dev_ws/AIE_Final-main/control/controller_package/install/robot_msgs/include/robot_msgs/robot_msgs/msg/detail/goal_pose__struct.h
-- Up-to-date: /home/aa/dev_ws/AIE_Final-main/control/controller_package/install/robot_msgs/include/robot_msgs/robot_msgs/msg/detail/temp_pose__functions.c
-- Up-to-date: /home/aa/dev_ws/AIE_Final-main/control/controller_package/install/robot_msgs/include/robot_msgs/robot_msgs/msg/detail/goal_pose__type_support.h
-- Up-to-date: /home/aa/dev_ws/AIE_Final-main/control/controller_package/install/robot_msgs/include/robot_msgs/robot_msgs/msg/detail/robot_status__functions.h
-- Up-to-date: /home/aa/dev_ws/AIE_Final-main/control/controller_package/install/robot_msgs/include/robot_msgs/robot_msgs/msg/detail/temp_pose__type_support.h
-- Up-to-date: /home/aa/dev_ws/AIE_Final-main/control/controller_package/install/robot_msgs/include/robot_msgs/robot_msgs/msg/detail/robot_status__type_support.h
-- Up-to-date: /home/aa/dev_ws/AIE_Final-main/control/controller_package/install/robot_msgs/include/robot_msgs/robot_msgs/msg/detail/object_pose__struct.h
-- Up-to-date: /home/aa/dev_ws/AIE_Final-main/control/controller_package/install/robot_msgs/include/robot_msgs/robot_msgs/msg/detail/temp_pose__functions.h
-- Up-to-date: /home/aa/dev_ws/AIE_Final-main/control/controller_package/install/robot_msgs/include/robot_msgs/robot_msgs/msg/detail/robot_status__functions.c
-- Up-to-date: /home/aa/dev_ws/AIE_Final-main/control/controller_package/install/robot_msgs/include/robot_msgs/robot_msgs/msg/detail/robot_status__struct.h
-- Up-to-date: /home/aa/dev_ws/AIE_Final-main/control/controller_package/install/robot_msgs/include/robot_msgs/robot_msgs/msg/detail/object_pose__functions.h
-- Up-to-date: /home/aa/dev_ws/AIE_Final-main/control/controller_package/install/robot_msgs/include/robot_msgs/robot_msgs/msg/detail/object_pose__functions.c
-- Up-to-date: /home/aa/dev_ws/AIE_Final-main/control/controller_package/install/robot_msgs/include/robot_msgs/robot_msgs/msg/detail/goal_pose__functions.c
-- Up-to-date: /home/aa/dev_ws/AIE_Final-main/control/controller_package/install/robot_msgs/include/robot_msgs/robot_msgs/msg/detail/temp_pose__struct.h
-- Up-to-date: /home/aa/dev_ws/AIE_Final-main/control/controller_package/install/robot_msgs/share/robot_msgs/environment/library_path.sh
-- Up-to-date: /home/aa/dev_ws/AIE_Final-main/control/controller_package/install/robot_msgs/share/robot_msgs/environment/library_path.dsv
-- Up-to-date: /home/aa/dev_ws/AIE_Final-main/control/controller_package/install/robot_msgs/lib/librobot_msgs__rosidl_generator_c.so
-- Up-to-date: /home/aa/dev_ws/AIE_Final-main/control/controller_package/install/robot_msgs/include/robot_msgs/robot_msgs
-- Up-to-date: /home/aa/dev_ws/AIE_Final-main/control/controller_package/install/robot_msgs/include/robot_msgs/robot_msgs/action
-- Up-to-date: /home/aa/dev_ws/AIE_Final-main/control/controller_package/install/robot_msgs/include/robot_msgs/robot_msgs/action/detail
-- Up-to-date: /home/aa/dev_ws/AIE_Final-main/control/controller_package/install/robot_msgs/include/robot_msgs/robot_msgs/action/detail/move_to_goal__rosidl_typesupport_fastrtps_c.h
-- Up-to-date: /home/aa/dev_ws/AIE_Final-main/control/controller_package/install/robot_msgs/include/robot_msgs/robot_msgs/msg
-- Up-to-date: /home/aa/dev_ws/AIE_Final-main/control/controller_package/install/robot_msgs/include/robot_msgs/robot_msgs/msg/rosidl_typesupport_fastrtps_c__visibility_control.h
-- Up-to-date: /home/aa/dev_ws/AIE_Final-main/control/controller_package/install/robot_msgs/include/robot_msgs/robot_msgs/msg/detail
-- Up-to-date: /home/aa/dev_ws/AIE_Final-main/control/controller_package/install/robot_msgs/include/robot_msgs/robot_msgs/msg/detail/temp_pose__rosidl_typesupport_fastrtps_c.h
-- Up-to-date: /home/aa/dev_ws/AIE_Final-main/control/controller_package/install/robot_msgs/include/robot_msgs/robot_msgs/msg/detail/robot_status__rosidl_typesupport_fastrtps_c.h
-- Up-to-date: /home/aa/dev_ws/AIE_Final-main/control/controller_package/install/robot_msgs/include/robot_msgs/robot_msgs/msg/detail/goal_pose__rosidl_typesupport_fastrtps_c.h
-- Up-to-date: /home/aa/dev_ws/AIE_Final-main/control/controller_package/install/robot_msgs/include/robot_msgs/robot_msgs/msg/detail/object_pose__rosidl_typesupport_fastrtps_c.h
-- Up-to-date: /home/aa/dev_ws/AIE_Final-main/control/controller_package/install/robot_msgs/lib/librobot_msgs__rosidl_typesupport_fastrtps_c.so
-- Up-to-date: /home/aa/dev_ws/AIE_Final-main/control/controller_package/install/robot_msgs/include/robot_msgs/robot_msgs
-- Up-to-date: /home/aa/dev_ws/AIE_Final-main/control/controller_package/install/robot_msgs/include/robot_msgs/robot_msgs/action
-- Up-to-date: /home/aa/dev_ws/AIE_Final-main/control/controller_package/install/robot_msgs/include/robot_msgs/robot_msgs/action/detail
-- Up-to-date: /home/aa/dev_ws/AIE_Final-main/control/controller_package/install/robot_msgs/include/robot_msgs/robot_msgs/action/detail/move_to_goal__type_support.c
-- Up-to-date: /home/aa/dev_ws/AIE_Final-main/control/controller_package/install/robot_msgs/include/robot_msgs/robot_msgs/action/detail/move_to_goal__rosidl_typesupport_introspection_c.h
-- Up-to-date: /home/aa/dev_ws/AIE_Final-main/control/controller_package/install/robot_msgs/include/robot_msgs/robot_msgs/msg
-- Up-to-date: /home/aa/dev_ws/AIE_Final-main/control/controller_package/install/robot_msgs/include/robot_msgs/robot_msgs/msg/rosidl_typesupport_introspection_c__visibility_control.h
-- Up-to-date: /home/aa/dev_ws/AIE_Final-main/control/controller_package/install/robot_msgs/include/robot_msgs/robot_msgs/msg/detail
-- Up-to-date: /home/aa/dev_ws/AIE_Final-main/control/controller_package/install/robot_msgs/include/robot_msgs/robot_msgs/msg/detail/temp_pose__rosidl_typesupport_introspection_c.h
-- Up-to-date: /home/aa/dev_ws/AIE_Final-main/control/controller_package/install/robot_msgs/include/robot_msgs/robot_msgs/msg/detail/object_pose__type_support.c
-- Up-to-date: /home/aa/dev_ws/AIE_Final-main/control/controller_package/install/robot_msgs/include/robot_msgs/robot_msgs/msg/detail/robot_status__type_support.c
-- Up-to-date: /home/aa/dev_ws/AIE_Final-main/control/controller_package/install/robot_msgs/include/robot_msgs/robot_msgs/msg/detail/object_pose__rosidl_typesupport_introspection_c.h
-- Up-to-date: /home/aa/dev_ws/AIE_Final-main/control/controller_package/install/robot_msgs/include/robot_msgs/robot_msgs/msg/detail/goal_pose__rosidl_typesupport_introspection_c.h
-- Up-to-date: /home/aa/dev_ws/AIE_Final-main/control/controller_package/install/robot_msgs/include/robot_msgs/robot_msgs/msg/detail/robot_status__rosidl_typesupport_introspection_c.h
-- Up-to-date: /home/aa/dev_ws/AIE_Final-main/control/controller_package/install/robot_msgs/include/robot_msgs/robot_msgs/msg/detail/goal_pose__type_support.c
-- Up-to-date: /home/aa/dev_ws/AIE_Final-main/control/controller_package/install/robot_msgs/include/robot_msgs/robot_msgs/msg/detail/temp_pose__type_support.c
-- Up-to-date: /home/aa/dev_ws/AIE_Final-main/control/controller_package/install/robot_msgs/lib/librobot_msgs__rosidl_typesupport_introspection_c.so
-- Up-to-date: /home/aa/dev_ws/AIE_Final-main/control/controller_package/install/robot_msgs/lib/librobot_msgs__rosidl_typesupport_c.so
-- Up-to-date: /home/aa/dev_ws/AIE_Final-main/control/controller_package/install/robot_msgs/include/robot_msgs/robot_msgs
-- Up-to-date: /home/aa/dev_ws/AIE_Final-main/control/controller_package/install/robot_msgs/include/robot_msgs/robot_msgs/action
-- Up-to-date: /home/aa/dev_ws/AIE_Final-main/control/controller_package/install/robot_msgs/include/robot_msgs/robot_msgs/action/move_to_goal.hpp
-- Up-to-date: /home/aa/dev_ws/AIE_Final-main/control/controller_package/install/robot_msgs/include/robot_msgs/robot_msgs/action/detail
-- Up-to-date: /home/aa/dev_ws/AIE_Final-main/control/controller_package/install/robot_msgs/include/robot_msgs/robot_msgs/action/detail/move_to_goal__traits.hpp
-- Up-to-date: /home/aa/dev_ws/AIE_Final-main/control/controller_package/install/robot_msgs/include/robot_msgs/robot_msgs/action/detail/move_to_goal__builder.hpp
-- Up-to-date: /home/aa/dev_ws/AIE_Final-main/control/controller_package/install/robot_msgs/include/robot_msgs/robot_msgs/action/detail/move_to_goal__struct.hpp
-- Up-to-date: /home/aa/dev_ws/AIE_Final-main/control/controller_package/install/robot_msgs/include/robot_msgs/robot_msgs/msg
-- Up-to-date: /home/aa/dev_ws/AIE_Final-main/control/controller_package/install/robot_msgs/include/robot_msgs/robot_msgs/msg/object_pose.hpp
-- Up-to-date: /home/aa/dev_ws/AIE_Final-main/control/controller_package/install/robot_msgs/include/robot_msgs/robot_msgs/msg/temp_pose.hpp
-- Up-to-date: /home/aa/dev_ws/AIE_Final-main/control/controller_package/install/robot_msgs/include/robot_msgs/robot_msgs/msg/robot_status.hpp
-- Up-to-date: /home/aa/dev_ws/AIE_Final-main/control/controller_package/install/robot_msgs/include/robot_msgs/robot_msgs/msg/detail
-- Up-to-date: /home/aa/dev_ws/AIE_Final-main/control/controller_package/install/robot_msgs/include/robot_msgs/robot_msgs/msg/detail/goal_pose__traits.hpp
-- Up-to-date: /home/aa/dev_ws/AIE_Final-main/control/controller_package/install/robot_msgs/include/robot_msgs/robot_msgs/msg/detail/object_pose__traits.hpp
-- Up-to-date: /home/aa/dev_ws/AIE_Final-main/control/controller_package/install/robot_msgs/include/robot_msgs/robot_msgs/msg/detail/temp_pose__struct.hpp
-- Up-to-date: /home/aa/dev_ws/AIE_Final-main/control/controller_package/install/robot_msgs/include/robot_msgs/robot_msgs/msg/detail/goal_pose__builder.hpp
-- Up-to-date: /home/aa/dev_ws/AIE_Final-main/control/controller_package/install/robot_msgs/include/robot_msgs/robot_msgs/msg/detail/temp_pose__builder.hpp
-- Up-to-date: /home/aa/dev_ws/AIE_Final-main/control/controller_package/install/robot_msgs/include/robot_msgs/robot_msgs/msg/detail/robot_status__builder.hpp
-- Up-to-date: /home/aa/dev_ws/AIE_Final-main/control/controller_package/install/robot_msgs/include/robot_msgs/robot_msgs/msg/detail/robot_status__traits.hpp
-- Up-to-date: /home/aa/dev_ws/AIE_Final-main/control/controller_package/install/robot_msgs/include/robot_msgs/robot_msgs/msg/detail/object_pose__struct.hpp
-- Up-to-date: /home/aa/dev_ws/AIE_Final-main/control/controller_package/install/robot_msgs/include/robot_msgs/robot_msgs/msg/detail/robot_status__struct.hpp
-- Up-to-date: /home/aa/dev_ws/AIE_Final-main/control/controller_package/install/robot_msgs/include/robot_msgs/robot_msgs/msg/detail/goal_pose__struct.hpp
-- Up-to-date: /home/aa/dev_ws/AIE_Final-main/control/controller_package/install/robot_msgs/include/robot_msgs/robot_msgs/msg/detail/temp_pose__traits.hpp
-- Up-to-date: /home/aa/dev_ws/AIE_Final-main/control/controller_package/install/robot_msgs/include/robot_msgs/robot_msgs/msg/detail/object_pose__builder.hpp
-- Up-to-date: /home/aa/dev_ws/AIE_Final-main/control/controller_package/install/robot_msgs/include/robot_msgs/robot_msgs/msg/goal_pose.hpp
-- Up-to-date: /home/aa/dev_ws/AIE_Final-main/control/controller_package/install/robot_msgs/include/robot_msgs/robot_msgs
-- Up-to-date: /home/aa/dev_ws/AIE_Final-main/control/controller_package/install/robot_msgs/include/robot_msgs/robot_msgs/action
-- Up-to-date: /home/aa/dev_ws/AIE_Final-main/control/controller_package/install/robot_msgs/include/robot_msgs/robot_msgs/action/detail
-- Up-to-date: /home/aa/dev_ws/AIE_Final-main/control/controller_package/install/robot_msgs/include/robot_msgs/robot_msgs/action/detail/dds_fastrtps
-- Up-to-date: /home/aa/dev_ws/AIE_Final-main/control/controller_package/install/robot_msgs/include/robot_msgs/robot_msgs/action/detail/move_to_goal__rosidl_typesupport_fastrtps_cpp.hpp
-- Up-to-date: /home/aa/dev_ws/AIE_Final-main/control/controller_package/install/robot_msgs/include/robot_msgs/robot_msgs/msg
-- Up-to-date: /home/aa/dev_ws/AIE_Final-main/control/controller_package/install/robot_msgs/include/robot_msgs/robot_msgs/msg/rosidl_typesupport_fastrtps_cpp__visibility_control.h
-- Up-to-date: /home/aa/dev_ws/AIE_Final-main/control/controller_package/install/robot_msgs/include/robot_msgs/robot_msgs/msg/detail
-- Up-to-date: /home/aa/dev_ws/AIE_Final-main/control/controller_package/install/robot_msgs/include/robot_msgs/robot_msgs/msg/detail/goal_pose__rosidl_typesupport_fastrtps_cpp.hpp
-- Up-to-date: /home/aa/dev_ws/AIE_Final-main/control/controller_package/install/robot_msgs/include/robot_msgs/robot_msgs/msg/detail/dds_fastrtps
-- Up-to-date: /home/aa/dev_ws/AIE_Final-main/control/controller_package/install/robot_msgs/include/robot_msgs/robot_msgs/msg/detail/robot_status__rosidl_typesupport_fastrtps_cpp.hpp
-- Up-to-date: /home/aa/dev_ws/AIE_Final-main/control/controller_package/install/robot_msgs/include/robot_msgs/robot_msgs/msg/detail/temp_pose__rosidl_typesupport_fastrtps_cpp.hpp
-- Up-to-date: /home/aa/dev_ws/AIE_Final-main/control/controller_package/install/robot_msgs/include/robot_msgs/robot_msgs/msg/detail/object_pose__rosidl_typesupport_fastrtps_cpp.hpp
-- Up-to-date: /home/aa/dev_ws/AIE_Final-main/control/controller_package/install/robot_msgs/lib/librobot_msgs__rosidl_typesupport_fastrtps_cpp.so
-- Up-to-date: /home/aa/dev_ws/AIE_Final-main/control/controller_package/install/robot_msgs/include/robot_msgs/robot_msgs
-- Up-to-date: /home/aa/dev_ws/AIE_Final-main/control/controller_package/install/robot_msgs/include/robot_msgs/robot_msgs/action
-- Up-to-date: /home/aa/dev_ws/AIE_Final-main/control/controller_package/install/robot_msgs/include/robot_msgs/robot_msgs/action/detail
-- Up-to-date: /home/aa/dev_ws/AIE_Final-main/control/controller_package/install/robot_msgs/include/robot_msgs/robot_msgs/action/detail/move_to_goal__type_support.cpp
-- Up-to-date: /home/aa/dev_ws/AIE_Final-main/control/controller_package/install/robot_msgs/include/robot_msgs/robot_msgs/action/detail/move_to_goal__rosidl_typesupport_introspection_cpp.hpp
-- Up-to-date: /home/aa/dev_ws/AIE_Final-main/control/controller_package/install/robot_msgs/include/robot_msgs/robot_msgs/msg
-- Up-to-date: /home/aa/dev_ws/AIE_Final-main/control/controller_package/install/robot_msgs/include/robot_msgs/robot_msgs/msg/detail
-- Up-to-date: /home/aa/dev_ws/AIE_Final-main/control/controller_package/install/robot_msgs/include/robot_msgs/robot_msgs/msg/detail/goal_pose__rosidl_typesupport_introspection_cpp.hpp
-- Up-to-date: /home/aa/dev_ws/AIE_Final-main/control/controller_package/install/robot_msgs/include/robot_msgs/robot_msgs/msg/detail/robot_status__rosidl_typesupport_introspection_cpp.hpp
-- Up-to-date: /home/aa/dev_ws/AIE_Final-main/control/controller_package/install/robot_msgs/include/robot_msgs/robot_msgs/msg/detail/object_pose__type_support.cpp
-- Up-to-date: /home/aa/dev_ws/AIE_Final-main/control/controller_package/install/robot_msgs/include/robot_msgs/robot_msgs/msg/detail/goal_pose__type_support.cpp
-- Up-to-date: /home/aa/dev_ws/AIE_Final-main/control/controller_package/install/robot_msgs/include/robot_msgs/robot_msgs/msg/detail/temp_pose__type_support.cpp
-- Up-to-date: /home/aa/dev_ws/AIE_Final-main/control/controller_package/install/robot_msgs/include/robot_msgs/robot_msgs/msg/detail/object_pose__rosidl_typesupport_introspection_cpp.hpp
-- Up-to-date: /home/aa/dev_ws/AIE_Final-main/control/controller_package/install/robot_msgs/include/robot_msgs/robot_msgs/msg/detail/robot_status__type_support.cpp
-- Up-to-date: /home/aa/dev_ws/AIE_Final-main/control/controller_package/install/robot_msgs/include/robot_msgs/robot_msgs/msg/detail/temp_pose__rosidl_typesupport_introspection_cpp.hpp
-- Up-to-date: /home/aa/dev_ws/AIE_Final-main/control/controller_package/install/robot_msgs/lib/librobot_msgs__rosidl_typesupport_introspection_cpp.so
-- Up-to-date: /home/aa/dev_ws/AIE_Final-main/control/controller_package/install/robot_msgs/lib/librobot_msgs__rosidl_typesupport_cpp.so
-- Up-to-date: /home/aa/dev_ws/AIE_Final-main/control/controller_package/install/robot_msgs/share/robot_msgs/environment/pythonpath.sh
-- Up-to-date: /home/aa/dev_ws/AIE_Final-main/control/controller_package/install/robot_msgs/share/robot_msgs/environment/pythonpath.dsv
-- Up-to-date: /home/aa/dev_ws/AIE_Final-main/control/controller_package/install/robot_msgs/local/lib/python3.10/dist-packages/robot_msgs-0.0.0-py3.10.egg-info
-- Installing: /home/aa/dev_ws/AIE_Final-main/control/controller_package/install/robot_msgs/local/lib/python3.10/dist-packages/robot_msgs-0.0.0-py3.10.egg-info/dependency_links.txt
-- Installing: /home/aa/dev_ws/AIE_Final-main/control/controller_package/install/robot_msgs/local/lib/python3.10/dist-packages/robot_msgs-0.0.0-py3.10.egg-info/SOURCES.txt
-- Installing: /home/aa/dev_ws/AIE_Final-main/control/controller_package/install/robot_msgs/local/lib/python3.10/dist-packages/robot_msgs-0.0.0-py3.10.egg-info/top_level.txt
-- Installing: /home/aa/dev_ws/AIE_Final-main/control/controller_package/install/robot_msgs/local/lib/python3.10/dist-packages/robot_msgs-0.0.0-py3.10.egg-info/PKG-INFO
-- Up-to-date: /home/aa/dev_ws/AIE_Final-main/control/controller_package/install/robot_msgs/local/lib/python3.10/dist-packages/robot_msgs
-- Up-to-date: /home/aa/dev_ws/AIE_Final-main/control/controller_package/install/robot_msgs/local/lib/python3.10/dist-packages/robot_msgs/librobot_msgs__rosidl_generator_py.so
-- Up-to-date: /home/aa/dev_ws/AIE_Final-main/control/controller_package/install/robot_msgs/local/lib/python3.10/dist-packages/robot_msgs/robot_msgs_s__rosidl_typesupport_introspection_c.cpython-310-x86_64-linux-gnu.so
-- Up-to-date: /home/aa/dev_ws/AIE_Final-main/control/controller_package/install/robot_msgs/local/lib/python3.10/dist-packages/robot_msgs/_robot_msgs_s.ep.rosidl_typesupport_c.c
-- Up-to-date: /home/aa/dev_ws/AIE_Final-main/control/controller_package/install/robot_msgs/local/lib/python3.10/dist-packages/robot_msgs/_robot_msgs_s.ep.rosidl_typesupport_fastrtps_c.c
-- Up-to-date: /home/aa/dev_ws/AIE_Final-main/control/controller_package/install/robot_msgs/local/lib/python3.10/dist-packages/robot_msgs/action
-- Up-to-date: /home/aa/dev_ws/AIE_Final-main/control/controller_package/install/robot_msgs/local/lib/python3.10/dist-packages/robot_msgs/action/__init__.py
-- Up-to-date: /home/aa/dev_ws/AIE_Final-main/control/controller_package/install/robot_msgs/local/lib/python3.10/dist-packages/robot_msgs/action/_move_to_goal.py
-- Up-to-date: /home/aa/dev_ws/AIE_Final-main/control/controller_package/install/robot_msgs/local/lib/python3.10/dist-packages/robot_msgs/action/_move_to_goal_s.c
-- Up-to-date: /home/aa/dev_ws/AIE_Final-main/control/controller_package/install/robot_msgs/local/lib/python3.10/dist-packages/robot_msgs/_robot_msgs_s.ep.rosidl_typesupport_introspection_c.c
-- Up-to-date: /home/aa/dev_ws/AIE_Final-main/control/controller_package/install/robot_msgs/local/lib/python3.10/dist-packages/robot_msgs/__init__.py
-- Up-to-date: /home/aa/dev_ws/AIE_Final-main/control/controller_package/install/robot_msgs/local/lib/python3.10/dist-packages/robot_msgs/robot_msgs_s__rosidl_typesupport_fastrtps_c.cpython-310-x86_64-linux-gnu.so
-- Up-to-date: /home/aa/dev_ws/AIE_Final-main/control/controller_package/install/robot_msgs/local/lib/python3.10/dist-packages/robot_msgs/robot_msgs_s__rosidl_typesupport_c.cpython-310-x86_64-linux-gnu.so
-- Up-to-date: /home/aa/dev_ws/AIE_Final-main/control/controller_package/install/robot_msgs/local/lib/python3.10/dist-packages/robot_msgs/msg
-- Up-to-date: /home/aa/dev_ws/AIE_Final-main/control/controller_package/install/robot_msgs/local/lib/python3.10/dist-packages/robot_msgs/msg/_object_pose_s.c
-- Up-to-date: /home/aa/dev_ws/AIE_Final-main/control/controller_package/install/robot_msgs/local/lib/python3.10/dist-packages/robot_msgs/msg/_goal_pose_s.c
-- Up-to-date: /home/aa/dev_ws/AIE_Final-main/control/controller_package/install/robot_msgs/local/lib/python3.10/dist-packages/robot_msgs/msg/_robot_status_s.c
-- Up-to-date: /home/aa/dev_ws/AIE_Final-main/control/controller_package/install/robot_msgs/local/lib/python3.10/dist-packages/robot_msgs/msg/_goal_pose.py
-- Up-to-date: /home/aa/dev_ws/AIE_Final-main/control/controller_package/install/robot_msgs/local/lib/python3.10/dist-packages/robot_msgs/msg/__init__.py
-- Up-to-date: /home/aa/dev_ws/AIE_Final-main/control/controller_package/install/robot_msgs/local/lib/python3.10/dist-packages/robot_msgs/msg/_robot_status.py
-- Up-to-date: /home/aa/dev_ws/AIE_Final-main/control/controller_package/install/robot_msgs/local/lib/python3.10/dist-packages/robot_msgs/msg/_temp_pose_s.c
-- Up-to-date: /home/aa/dev_ws/AIE_Final-main/control/controller_package/install/robot_msgs/local/lib/python3.10/dist-packages/robot_msgs/msg/_temp_pose.py
-- Up-to-date: /home/aa/dev_ws/AIE_Final-main/control/controller_package/install/robot_msgs/local/lib/python3.10/dist-packages/robot_msgs/msg/_object_pose.py
Listing '/home/aa/dev_ws/AIE_Final-main/control/controller_package/install/robot_msgs/local/lib/python3.10/dist-packages/robot_msgs'...
Listing '/home/aa/dev_ws/AIE_Final-main/control/controller_package/install/robot_msgs/local/lib/python3.10/dist-packages/robot_msgs/action'...
Listing '/home/aa/dev_ws/AIE_Final-main/control/controller_package/install/robot_msgs/local/lib/python3.10/dist-packages/robot_msgs/msg'...
-- Up-to-date: /home/aa/dev_ws/AIE_Final-main/control/controller_package/install/robot_msgs/local/lib/python3.10/dist-packages/robot_msgs/robot_msgs_s__rosidl_typesupport_fastrtps_c.cpython-310-x86_64-linux-gnu.so
-- Up-to-date: /home/aa/dev_ws/AIE_Final-main/control/controller_package/install/robot_msgs/local/lib/python3.10/dist-packages/robot_msgs/robot_msgs_s__rosidl_typesupport_introspection_c.cpython-310-x86_64-linux-gnu.so
-- Up-to-date: /home/aa/dev_ws/AIE_Final-main/control/controller_package/install/robot_msgs/local/lib/python3.10/dist-packages/robot_msgs/robot_msgs_s__rosidl_typesupport_c.cpython-310-x86_64-linux-gnu.so
-- Up-to-date: /home/aa/dev_ws/AIE_Final-main/control/controller_package/install/robot_msgs/lib/librobot_msgs__rosidl_generator_py.so
-- Up-to-date: /home/aa/dev_ws/AIE_Final-main/control/controller_package/install/robot_msgs/share/robot_msgs/msg/ObjectPose.idl
-- Up-to-date: /home/aa/dev_ws/AIE_Final-main/control/controller_package/install/robot_msgs/share/robot_msgs/msg/GoalPose.idl
-- Up-to-date: /home/aa/dev_ws/AIE_Final-main/control/controller_package/install/robot_msgs/share/robot_msgs/msg/TempPose.idl
-- Up-to-date: /home/aa/dev_ws/AIE_Final-main/control/controller_package/install/robot_msgs/share/robot_msgs/msg/RobotStatus.idl
-- Up-to-date: /home/aa/dev_ws/AIE_Final-main/control/controller_package/install/robot_msgs/share/robot_msgs/action/MoveToGoal.idl
-- Up-to-date: /home/aa/dev_ws/AIE_Final-main/control/controller_package/install/robot_msgs/share/robot_msgs/msg/ObjectPose.msg
-- Up-to-date: /home/aa/dev_ws/AIE_Final-main/control/controller_package/install/robot_msgs/share/robot_msgs/msg/GoalPose.msg
-- Up-to-date: /home/aa/dev_ws/AIE_Final-main/control/controller_package/install/robot_msgs/share/robot_msgs/msg/TempPose.msg
-- Up-to-date: /home/aa/dev_ws/AIE_Final-main/control/controller_package/install/robot_msgs/share/robot_msgs/msg/RobotStatus.msg
-- Up-to-date: /home/aa/dev_ws/AIE_Final-main/control/controller_package/install/robot_msgs/share/robot_msgs/action/MoveToGoal.action
-- Up-to-date: /home/aa/dev_ws/AIE_Final-main/control/controller_package/install/robot_msgs/share/ament_index/resource_index/package_run_dependencies/robot_msgs
-- Up-to-date: /home/aa/dev_ws/AIE_Final-main/control/controller_package/install/robot_msgs/share/ament_index/resource_index/parent_prefix_path/robot_msgs
-- Up-to-date: /home/aa/dev_ws/AIE_Final-main/control/controller_package/install/robot_msgs/share/robot_msgs/environment/ament_prefix_path.sh
-- Up-to-date: /home/aa/dev_ws/AIE_Final-main/control/controller_package/install/robot_msgs/share/robot_msgs/environment/ament_prefix_path.dsv
-- Up-to-date: /home/aa/dev_ws/AIE_Final-main/control/controller_package/install/robot_msgs/share/robot_msgs/environment/path.sh
-- Up-to-date: /home/aa/dev_ws/AIE_Final-main/control/controller_package/install/robot_msgs/share/robot_msgs/environment/path.dsv
-- Up-to-date: /home/aa/dev_ws/AIE_Final-main/control/controller_package/install/robot_msgs/share/robot_msgs/local_setup.bash
-- Up-to-date: /home/aa/dev_ws/AIE_Final-main/control/controller_package/install/robot_msgs/share/robot_msgs/local_setup.sh
-- Up-to-date: /home/aa/dev_ws/AIE_Final-main/control/controller_package/install/robot_msgs/share/robot_msgs/local_setup.zsh
-- Up-to-date: /home/aa/dev_ws/AIE_Final-main/control/controller_package/install/robot_msgs/share/robot_msgs/local_setup.dsv
-- Installing: /home/aa/dev_ws/AIE_Final-main/control/controller_package/install/robot_msgs/share/robot_msgs/package.dsv
-- Up-to-date: /home/aa/dev_ws/AIE_Final-main/control/controller_package/install/robot_msgs/share/ament_index/resource_index/packages/robot_msgs
-- Up-to-date: /home/aa/dev_ws/AIE_Final-main/control/controller_package/install/robot_msgs/share/robot_msgs/cmake/export_robot_msgs__rosidl_generator_cExport.cmake
-- Up-to-date: /home/aa/dev_ws/AIE_Final-main/control/controller_package/install/robot_msgs/share/robot_msgs/cmake/export_robot_msgs__rosidl_generator_cExport-noconfig.cmake
-- Up-to-date: /home/aa/dev_ws/AIE_Final-main/control/controller_package/install/robot_msgs/share/robot_msgs/cmake/export_robot_msgs__rosidl_typesupport_fastrtps_cExport.cmake
-- Up-to-date: /home/aa/dev_ws/AIE_Final-main/control/controller_package/install/robot_msgs/share/robot_msgs/cmake/export_robot_msgs__rosidl_typesupport_fastrtps_cExport-noconfig.cmake
-- Up-to-date: /home/aa/dev_ws/AIE_Final-main/control/controller_package/install/robot_msgs/share/robot_msgs/cmake/robot_msgs__rosidl_typesupport_introspection_cExport.cmake
-- Up-to-date: /home/aa/dev_ws/AIE_Final-main/control/controller_package/install/robot_msgs/share/robot_msgs/cmake/robot_msgs__rosidl_typesupport_introspection_cExport-noconfig.cmake
-- Up-to-date: /home/aa/dev_ws/AIE_Final-main/control/controller_package/install/robot_msgs/share/robot_msgs/cmake/robot_msgs__rosidl_typesupport_cExport.cmake
-- Up-to-date: /home/aa/dev_ws/AIE_Final-main/control/controller_package/install/robot_msgs/share/robot_msgs/cmake/robot_msgs__rosidl_typesupport_cExport-noconfig.cmake
-- Up-to-date: /home/aa/dev_ws/AIE_Final-main/control/controller_package/install/robot_msgs/share/robot_msgs/cmake/export_robot_msgs__rosidl_generator_cppExport.cmake
-- Up-to-date: /home/aa/dev_ws/AIE_Final-main/control/controller_package/install/robot_msgs/share/robot_msgs/cmake/export_robot_msgs__rosidl_typesupport_fastrtps_cppExport.cmake
-- Up-to-date: /home/aa/dev_ws/AIE_Final-main/control/controller_package/install/robot_msgs/share/robot_msgs/cmake/export_robot_msgs__rosidl_typesupport_fastrtps_cppExport-noconfig.cmake
-- Up-to-date: /home/aa/dev_ws/AIE_Final-main/control/controller_package/install/robot_msgs/share/robot_msgs/cmake/robot_msgs__rosidl_typesupport_introspection_cppExport.cmake
-- Up-to-date: /home/aa/dev_ws/AIE_Final-main/control/controller_package/install/robot_msgs/share/robot_msgs/cmake/robot_msgs__rosidl_typesupport_introspection_cppExport-noconfig.cmake
-- Up-to-date: /home/aa/dev_ws/AIE_Final-main/control/controller_package/install/robot_msgs/share/robot_msgs/cmake/robot_msgs__rosidl_typesupport_cppExport.cmake
-- Up-to-date: /home/aa/dev_ws/AIE_Final-main/control/controller_package/install/robot_msgs/share/robot_msgs/cmake/robot_msgs__rosidl_typesupport_cppExport-noconfig.cmake
-- Up-to-date: /home/aa/dev_ws/AIE_Final-main/control/controller_package/install/robot_msgs/share/robot_msgs/cmake/export_robot_msgs__rosidl_generator_pyExport.cmake
-- Up-to-date: /home/aa/dev_ws/AIE_Final-main/control/controller_package/install/robot_msgs/share/robot_msgs/cmake/export_robot_msgs__rosidl_generator_pyExport-noconfig.cmake
-- Up-to-date: /home/aa/dev_ws/AIE_Final-main/control/controller_package/install/robot_msgs/share/robot_msgs/cmake/rosidl_cmake-extras.cmake
-- Up-to-date: /home/aa/dev_ws/AIE_Final-main/control/controller_package/install/robot_msgs/share/robot_msgs/cmake/ament_cmake_export_dependencies-extras.cmake
-- Up-to-date: /home/aa/dev_ws/AIE_Final-main/control/controller_package/install/robot_msgs/share/robot_msgs/cmake/ament_cmake_export_include_directories-extras.cmake
-- Up-to-date: /home/aa/dev_ws/AIE_Final-main/control/controller_package/install/robot_msgs/share/robot_msgs/cmake/ament_cmake_export_libraries-extras.cmake
-- Up-to-date: /home/aa/dev_ws/AIE_Final-main/control/controller_package/install/robot_msgs/share/robot_msgs/cmake/ament_cmake_export_targets-extras.cmake
-- Up-to-date: /home/aa/dev_ws/AIE_Final-main/control/controller_package/install/robot_msgs/share/robot_msgs/cmake/rosidl_cmake_export_typesupport_targets-extras.cmake
-- Up-to-date: /home/aa/dev_ws/AIE_Final-main/control/controller_package/install/robot_msgs/share/robot_msgs/cmake/rosidl_cmake_export_typesupport_libraries-extras.cmake
-- Up-to-date: /home/aa/dev_ws/AIE_Final-main/control/controller_package/install/robot_msgs/share/robot_msgs/cmake/robot_msgsConfig.cmake
-- Up-to-date: /home/aa/dev_ws/AIE_Final-main/control/controller_package/install/robot_msgs/share/robot_msgs/cmake/robot_msgsConfig-version.cmake
-- Up-to-date: /home/aa/dev_ws/AIE_Final-main/control/controller_package/install/robot_msgs/share/robot_msgs/package.xml
