[1.078s] Invoking command in '/home/aa/dev_ws/AIE_Final-main/control/controller_package/src/task_manager': PYTHONPATH=/home/aa/dev_ws/AIE_Final-main/control/controller_package/build/task_manager/prefix_override:/usr/lib/python3/dist-packages/colcon_core/task/python/colcon_distutils_commands:/home/aa/dev_ws/AIE_Final-main/control/controller_package/install/task_manager/lib/python3.10/site-packages:${PYTHONPATH} /usr/bin/python3 -W ignore:setup.py install is deprecated setup.py egg_info --egg-base ../../build/task_manager build --build-base /home/aa/dev_ws/AIE_Final-main/control/controller_package/build/task_manager/build install --record /home/aa/dev_ws/AIE_Final-main/control/controller_package/build/task_manager/install.log --single-version-externally-managed install_data
[1.297s] running egg_info
[1.297s] creating ../../build/task_manager/task_manager.egg-info
[1.298s] writing ../../build/task_manager/task_manager.egg-info/PKG-INFO
[1.298s] writing dependency_links to ../../build/task_manager/task_manager.egg-info/dependency_links.txt
[1.298s] writing entry points to ../../build/task_manager/task_manager.egg-info/entry_points.txt
[1.298s] writing requirements to ../../build/task_manager/task_manager.egg-info/requires.txt
[1.298s] writing top-level names to ../../build/task_manager/task_manager.egg-info/top_level.txt
[1.298s] writing manifest file '../../build/task_manager/task_manager.egg-info/SOURCES.txt'
[1.300s] reading manifest file '../../build/task_manager/task_manager.egg-info/SOURCES.txt'
[1.300s] writing manifest file '../../build/task_manager/task_manager.egg-info/SOURCES.txt'
[1.301s] running build
[1.301s] running build_py
[1.301s] creating /home/aa/dev_ws/AIE_Final-main/control/controller_package/build/task_manager/build
[1.301s] creating /home/aa/dev_ws/AIE_Final-main/control/controller_package/build/task_manager/build/lib
[1.301s] creating /home/aa/dev_ws/AIE_Final-main/control/controller_package/build/task_manager/build/lib/task_manager
[1.301s] copying task_manager/moving_order_node.py -> /home/aa/dev_ws/AIE_Final-main/control/controller_package/build/task_manager/build/lib/task_manager
[1.301s] copying task_manager/__init__.py -> /home/aa/dev_ws/AIE_Final-main/control/controller_package/build/task_manager/build/lib/task_manager
[1.301s] copying task_manager/A_star.py -> /home/aa/dev_ws/AIE_Final-main/control/controller_package/build/task_manager/build/lib/task_manager
[1.301s] running install
[1.302s] running install_lib
[1.302s] creating /home/aa/dev_ws/AIE_Final-main/control/controller_package/install/task_manager/lib/python3.10/site-packages/task_manager
[1.303s] copying /home/aa/dev_ws/AIE_Final-main/control/controller_package/build/task_manager/build/lib/task_manager/moving_order_node.py -> /home/aa/dev_ws/AIE_Final-main/control/controller_package/install/task_manager/lib/python3.10/site-packages/task_manager
[1.303s] copying /home/aa/dev_ws/AIE_Final-main/control/controller_package/build/task_manager/build/lib/task_manager/__init__.py -> /home/aa/dev_ws/AIE_Final-main/control/controller_package/install/task_manager/lib/python3.10/site-packages/task_manager
[1.303s] copying /home/aa/dev_ws/AIE_Final-main/control/controller_package/build/task_manager/build/lib/task_manager/A_star.py -> /home/aa/dev_ws/AIE_Final-main/control/controller_package/install/task_manager/lib/python3.10/site-packages/task_manager
[1.304s] byte-compiling /home/aa/dev_ws/AIE_Final-main/control/controller_package/install/task_manager/lib/python3.10/site-packages/task_manager/moving_order_node.py to moving_order_node.cpython-310.pyc
[1.304s] byte-compiling /home/aa/dev_ws/AIE_Final-main/control/controller_package/install/task_manager/lib/python3.10/site-packages/task_manager/__init__.py to __init__.cpython-310.pyc
[1.304s] byte-compiling /home/aa/dev_ws/AIE_Final-main/control/controller_package/install/task_manager/lib/python3.10/site-packages/task_manager/A_star.py to A_star.cpython-310.pyc
[1.306s] running install_data
[1.306s] creating /home/aa/dev_ws/AIE_Final-main/control/controller_package/install/task_manager/share/ament_index
[1.306s] creating /home/aa/dev_ws/AIE_Final-main/control/controller_package/install/task_manager/share/ament_index/resource_index
[1.306s] creating /home/aa/dev_ws/AIE_Final-main/control/controller_package/install/task_manager/share/ament_index/resource_index/packages
[1.306s] copying resource/task_manager -> /home/aa/dev_ws/AIE_Final-main/control/controller_package/install/task_manager/share/ament_index/resource_index/packages
[1.306s] copying package.xml -> /home/aa/dev_ws/AIE_Final-main/control/controller_package/install/task_manager/share/task_manager
[1.306s] running install_egg_info
[1.307s] Copying ../../build/task_manager/task_manager.egg-info to /home/aa/dev_ws/AIE_Final-main/control/controller_package/install/task_manager/lib/python3.10/site-packages/task_manager-0.0.0-py3.10.egg-info
[1.308s] running install_scripts
[1.326s] Installing moving_order_node script to /home/aa/dev_ws/AIE_Final-main/control/controller_package/install/task_manager/lib/task_manager
[1.327s] writing list of installed files to '/home/aa/dev_ws/AIE_Final-main/control/controller_package/build/task_manager/install.log'
[1.359s] Invoked command in '/home/aa/dev_ws/AIE_Final-main/control/controller_package/src/task_manager' returned '0': PYTHONPATH=/home/aa/dev_ws/AIE_Final-main/control/controller_package/build/task_manager/prefix_override:/usr/lib/python3/dist-packages/colcon_core/task/python/colcon_distutils_commands:/home/aa/dev_ws/AIE_Final-main/control/controller_package/install/task_manager/lib/python3.10/site-packages:${PYTHONPATH} /usr/bin/python3 -W ignore:setup.py install is deprecated setup.py egg_info --egg-base ../../build/task_manager build --build-base /home/aa/dev_ws/AIE_Final-main/control/controller_package/build/task_manager/build install --record /home/aa/dev_ws/AIE_Final-main/control/controller_package/build/task_manager/install.log --single-version-externally-managed install_data
