[1.129s] Invoking command in '/home/aa/dev_ws/AIE_Final-main/control/controller_package/src/robot_controller': PYTHONPATH=/home/aa/dev_ws/AIE_Final-main/control/controller_package/build/robot_controller/prefix_override:/usr/lib/python3/dist-packages/colcon_core/task/python/colcon_distutils_commands:/home/aa/dev_ws/AIE_Final-main/control/controller_package/install/robot_controller/lib/python3.10/site-packages:${PYTHONPATH} /usr/bin/python3 -W ignore:setup.py install is deprecated setup.py egg_info --egg-base ../../build/robot_controller build --build-base /home/aa/dev_ws/AIE_Final-main/control/controller_package/build/robot_controller/build install --record /home/aa/dev_ws/AIE_Final-main/control/controller_package/build/robot_controller/install.log --single-version-externally-managed install_data
[1.359s] running egg_info
[1.360s] writing ../../build/robot_controller/robot_controller.egg-info/PKG-INFO
[1.360s] writing dependency_links to ../../build/robot_controller/robot_controller.egg-info/dependency_links.txt
[1.360s] writing entry points to ../../build/robot_controller/robot_controller.egg-info/entry_points.txt
[1.360s] writing requirements to ../../build/robot_controller/robot_controller.egg-info/requires.txt
[1.360s] writing top-level names to ../../build/robot_controller/robot_controller.egg-info/top_level.txt
[1.362s] reading manifest file '../../build/robot_controller/robot_controller.egg-info/SOURCES.txt'
[1.363s] writing manifest file '../../build/robot_controller/robot_controller.egg-info/SOURCES.txt'
[1.363s] running build
[1.363s] running build_py
[1.363s] running install
[1.363s] running install_lib
[1.365s] running install_data
[1.365s] running install_egg_info
[1.366s] removing '/home/aa/dev_ws/AIE_Final-main/control/controller_package/install/robot_controller/lib/python3.10/site-packages/robot_controller-0.0.0-py3.10.egg-info' (and everything under it)
[1.366s] Copying ../../build/robot_controller/robot_controller.egg-info to /home/aa/dev_ws/AIE_Final-main/control/controller_package/install/robot_controller/lib/python3.10/site-packages/robot_controller-0.0.0-py3.10.egg-info
[1.367s] running install_scripts
[1.383s] Installing action_robot1_controller script to /home/aa/dev_ws/AIE_Final-main/control/controller_package/install/robot_controller/lib/robot_controller
[1.383s] Installing action_robot2_controller script to /home/aa/dev_ws/AIE_Final-main/control/controller_package/install/robot_controller/lib/robot_controller
[1.384s] Installing robot_controller script to /home/aa/dev_ws/AIE_Final-main/control/controller_package/install/robot_controller/lib/robot_controller
[1.384s] writing list of installed files to '/home/aa/dev_ws/AIE_Final-main/control/controller_package/build/robot_controller/install.log'
[1.425s] Invoked command in '/home/aa/dev_ws/AIE_Final-main/control/controller_package/src/robot_controller' returned '0': PYTHONPATH=/home/aa/dev_ws/AIE_Final-main/control/controller_package/build/robot_controller/prefix_override:/usr/lib/python3/dist-packages/colcon_core/task/python/colcon_distutils_commands:/home/aa/dev_ws/AIE_Final-main/control/controller_package/install/robot_controller/lib/python3.10/site-packages:${PYTHONPATH} /usr/bin/python3 -W ignore:setup.py install is deprecated setup.py egg_info --egg-base ../../build/robot_controller build --build-base /home/aa/dev_ws/AIE_Final-main/control/controller_package/build/robot_controller/build install --record /home/aa/dev_ws/AIE_Final-main/control/controller_package/build/robot_controller/install.log --single-version-externally-managed install_data
