/home/aa/dev_ws/AIE_Final-main/control/controller_package/install/robot_controller/lib/python3.10/site-packages/robot_controller/path_publisher.py
/home/aa/dev_ws/AIE_Final-main/control/controller_package/install/robot_controller/lib/python3.10/site-packages/robot_controller/robot_controller.py
/home/aa/dev_ws/AIE_Final-main/control/controller_package/install/robot_controller/lib/python3.10/site-packages/robot_controller/robot1_controller_action.py
/home/aa/dev_ws/AIE_Final-main/control/controller_package/install/robot_controller/lib/python3.10/site-packages/robot_controller/robot2_controller_action.py
/home/aa/dev_ws/AIE_Final-main/control/controller_package/install/robot_controller/lib/python3.10/site-packages/robot_controller/__init__.py
/home/aa/dev_ws/AIE_Final-main/control/controller_package/install/robot_controller/lib/python3.10/site-packages/robot_controller/A_star.py
/home/aa/dev_ws/AIE_Final-main/control/controller_package/install/robot_controller/lib/python3.10/site-packages/robot_controller/__pycache__/path_publisher.cpython-310.pyc
/home/aa/dev_ws/AIE_Final-main/control/controller_package/install/robot_controller/lib/python3.10/site-packages/robot_controller/__pycache__/robot_controller.cpython-310.pyc
/home/aa/dev_ws/AIE_Final-main/control/controller_package/install/robot_controller/lib/python3.10/site-packages/robot_controller/__pycache__/robot1_controller_action.cpython-310.pyc
/home/aa/dev_ws/AIE_Final-main/control/controller_package/install/robot_controller/lib/python3.10/site-packages/robot_controller/__pycache__/robot2_controller_action.cpython-310.pyc
/home/aa/dev_ws/AIE_Final-main/control/controller_package/install/robot_controller/lib/python3.10/site-packages/robot_controller/__pycache__/__init__.cpython-310.pyc
/home/aa/dev_ws/AIE_Final-main/control/controller_package/install/robot_controller/lib/python3.10/site-packages/robot_controller/__pycache__/A_star.cpython-310.pyc
/home/aa/dev_ws/AIE_Final-main/control/controller_package/install/robot_controller/share/ament_index/resource_index/packages/robot_controller
/home/aa/dev_ws/AIE_Final-main/control/controller_package/install/robot_controller/share/robot_controller/package.xml
/home/aa/dev_ws/AIE_Final-main/control/controller_package/install/robot_controller/lib/python3.10/site-packages/robot_controller-0.0.0-py3.10.egg-info/requires.txt
/home/aa/dev_ws/AIE_Final-main/control/controller_package/install/robot_controller/lib/python3.10/site-packages/robot_controller-0.0.0-py3.10.egg-info/dependency_links.txt
/home/aa/dev_ws/AIE_Final-main/control/controller_package/install/robot_controller/lib/python3.10/site-packages/robot_controller-0.0.0-py3.10.egg-info/SOURCES.txt
/home/aa/dev_ws/AIE_Final-main/control/controller_package/install/robot_controller/lib/python3.10/site-packages/robot_controller-0.0.0-py3.10.egg-info/entry_points.txt
/home/aa/dev_ws/AIE_Final-main/control/controller_package/install/robot_controller/lib/python3.10/site-packages/robot_controller-0.0.0-py3.10.egg-info/top_level.txt
/home/aa/dev_ws/AIE_Final-main/control/controller_package/install/robot_controller/lib/python3.10/site-packages/robot_controller-0.0.0-py3.10.egg-info/PKG-INFO
/home/aa/dev_ws/AIE_Final-main/control/controller_package/install/robot_controller/lib/python3.10/site-packages/robot_controller-0.0.0-py3.10.egg-info/zip-safe
/home/aa/dev_ws/AIE_Final-main/control/controller_package/install/robot_controller/lib/robot_controller/action_robot1_controller
/home/aa/dev_ws/AIE_Final-main/control/controller_package/install/robot_controller/lib/robot_controller/action_robot2_controller
/home/aa/dev_ws/AIE_Final-main/control/controller_package/install/robot_controller/lib/robot_controller/robot_controller
