[0.479s] Invoking command in '/home/aa/dev_ws/AIE_Final-main/control/controller_package/build/robot_msgs': CMAKE_PREFIX_PATH=${CMAKE_PREFIX_PATH}:/opt/ros/humble:/home/aa/dev_ws/AIE_Final-main/control/controller_package/install/task_manager:/home/aa/dev_ws/AIE_Final-main/control/controller_package/install/robot_controller:/home/aa/dev_ws/AIE_Final-main/control/controller_package/install/final_project_package /usr/bin/cmake --build /home/aa/dev_ws/AIE_Final-main/control/controller_package/build/robot_msgs -- -j12 -l12
[0.519s] [  1%] Built target robot_msgs__cpp
[0.519s] [ 12%] Built target robot_msgs__rosidl_generator_c
[0.528s] [ 12%] Built target ament_cmake_python_copy_robot_msgs
[0.541s] [ 23%] Built target robot_msgs__rosidl_typesupport_c
[0.541s] [ 34%] Built target robot_msgs__rosidl_typesupport_fastrtps_c
[0.542s] [ 46%] Built target robot_msgs__rosidl_typesupport_introspection_c
[0.543s] [ 57%] Built target robot_msgs__rosidl_typesupport_introspection_cpp
[0.545s] [ 68%] Built target robot_msgs__rosidl_typesupport_fastrtps_cpp
[0.546s] [ 79%] Built target robot_msgs__rosidl_typesupport_cpp
[0.565s] [ 79%] Built target robot_msgs
[0.581s] [ 80%] Built target robot_msgs__py
[0.599s] [ 90%] Built target robot_msgs__rosidl_generator_py
[0.619s] [100%] Built target robot_msgs__rosidl_typesupport_introspection_c__pyext
[0.619s] [100%] Built target robot_msgs__rosidl_typesupport_fastrtps_c__pyext
[0.619s] [100%] Built target robot_msgs__rosidl_typesupport_c__pyext
[0.810s] running egg_info
[0.810s] writing robot_msgs.egg-info/PKG-INFO
[0.810s] writing dependency_links to robot_msgs.egg-info/dependency_links.txt
[0.811s] writing top-level names to robot_msgs.egg-info/top_level.txt
[0.813s] reading manifest file 'robot_msgs.egg-info/SOURCES.txt'
[0.813s] writing manifest file 'robot_msgs.egg-info/SOURCES.txt'
[0.841s] [100%] Built target ament_cmake_python_build_robot_msgs_egg
[0.851s] Invoked command in '/home/aa/dev_ws/AIE_Final-main/control/controller_package/build/robot_msgs' returned '0': CMAKE_PREFIX_PATH=${CMAKE_PREFIX_PATH}:/opt/ros/humble:/home/aa/dev_ws/AIE_Final-main/control/controller_package/install/task_manager:/home/aa/dev_ws/AIE_Final-main/control/controller_package/install/robot_controller:/home/aa/dev_ws/AIE_Final-main/control/controller_package/install/final_project_package /usr/bin/cmake --build /home/aa/dev_ws/AIE_Final-main/control/controller_package/build/robot_msgs -- -j12 -l12
[0.941s] Invoking command in '/home/aa/dev_ws/AIE_Final-main/control/controller_package/build/robot_msgs': CMAKE_PREFIX_PATH=${CMAKE_PREFIX_PATH}:/opt/ros/humble:/home/aa/dev_ws/AIE_Final-main/control/controller_package/install/task_manager:/home/aa/dev_ws/AIE_Final-main/control/controller_package/install/robot_controller:/home/aa/dev_ws/AIE_Final-main/control/controller_package/install/final_project_package /usr/bin/cmake --install /home/aa/dev_ws/AIE_Final-main/control/controller_package/build/robot_msgs
[0.948s] -- Install configuration: ""
[0.948s] -- Up-to-date: /home/aa/dev_ws/AIE_Final-main/control/controller_package/install/robot_msgs/share/ament_index/resource_index/rosidl_interfaces/robot_msgs
[0.948s] -- Up-to-date: /home/aa/dev_ws/AIE_Final-main/control/controller_package/install/robot_msgs/include/robot_msgs/robot_msgs
[0.948s] -- Up-to-date: /home/aa/dev_ws/AIE_Final-main/control/controller_package/install/robot_msgs/include/robot_msgs/robot_msgs/action
[0.948s] -- Up-to-date: /home/aa/dev_ws/AIE_Final-main/control/controller_package/install/robot_msgs/include/robot_msgs/robot_msgs/action/detail
[0.948s] -- Up-to-date: /home/aa/dev_ws/AIE_Final-main/control/controller_package/install/robot_msgs/include/robot_msgs/robot_msgs/action/detail/move_to_goal__functions.c
[0.948s] -- Up-to-date: /home/aa/dev_ws/AIE_Final-main/control/controller_package/install/robot_msgs/include/robot_msgs/robot_msgs/action/detail/move_to_goal__type_support.h
[0.948s] -- Up-to-date: /home/aa/dev_ws/AIE_Final-main/control/controller_package/install/robot_msgs/include/robot_msgs/robot_msgs/action/detail/move_to_goal__functions.h
[0.948s] -- Up-to-date: /home/aa/dev_ws/AIE_Final-main/control/controller_package/install/robot_msgs/include/robot_msgs/robot_msgs/action/detail/move_to_goal__struct.h
[0.949s] -- Up-to-date: /home/aa/dev_ws/AIE_Final-main/control/controller_package/install/robot_msgs/include/robot_msgs/robot_msgs/action/move_to_goal.h
[0.949s] -- Up-to-date: /home/aa/dev_ws/AIE_Final-main/control/controller_package/install/robot_msgs/include/robot_msgs/robot_msgs/msg
[0.949s] -- Up-to-date: /home/aa/dev_ws/AIE_Final-main/control/controller_package/install/robot_msgs/include/robot_msgs/robot_msgs/msg/robot_status.h
[0.949s] -- Up-to-date: /home/aa/dev_ws/AIE_Final-main/control/controller_package/install/robot_msgs/include/robot_msgs/robot_msgs/msg/rosidl_generator_c__visibility_control.h
[0.949s] -- Up-to-date: /home/aa/dev_ws/AIE_Final-main/control/controller_package/install/robot_msgs/include/robot_msgs/robot_msgs/msg/goal_pose.h
[0.949s] -- Up-to-date: /home/aa/dev_ws/AIE_Final-main/control/controller_package/install/robot_msgs/include/robot_msgs/robot_msgs/msg/object_pose.h
[0.949s] -- Up-to-date: /home/aa/dev_ws/AIE_Final-main/control/controller_package/install/robot_msgs/include/robot_msgs/robot_msgs/msg/temp_pose.h
[0.949s] -- Up-to-date: /home/aa/dev_ws/AIE_Final-main/control/controller_package/install/robot_msgs/include/robot_msgs/robot_msgs/msg/detail
[0.949s] -- Up-to-date: /home/aa/dev_ws/AIE_Final-main/control/controller_package/install/robot_msgs/include/robot_msgs/robot_msgs/msg/detail/object_pose__type_support.h
[0.949s] -- Up-to-date: /home/aa/dev_ws/AIE_Final-main/control/controller_package/install/robot_msgs/include/robot_msgs/robot_msgs/msg/detail/goal_pose__functions.h
[0.949s] -- Up-to-date: /home/aa/dev_ws/AIE_Final-main/control/controller_package/install/robot_msgs/include/robot_msgs/robot_msgs/msg/detail/goal_pose__struct.h
[0.949s] -- Up-to-date: /home/aa/dev_ws/AIE_Final-main/control/controller_package/install/robot_msgs/include/robot_msgs/robot_msgs/msg/detail/temp_pose__functions.c
[0.949s] -- Up-to-date: /home/aa/dev_ws/AIE_Final-main/control/controller_package/install/robot_msgs/include/robot_msgs/robot_msgs/msg/detail/goal_pose__type_support.h
[0.949s] -- Up-to-date: /home/aa/dev_ws/AIE_Final-main/control/controller_package/install/robot_msgs/include/robot_msgs/robot_msgs/msg/detail/robot_status__functions.h
[0.949s] -- Up-to-date: /home/aa/dev_ws/AIE_Final-main/control/controller_package/install/robot_msgs/include/robot_msgs/robot_msgs/msg/detail/temp_pose__type_support.h
[0.949s] -- Up-to-date: /home/aa/dev_ws/AIE_Final-main/control/controller_package/install/robot_msgs/include/robot_msgs/robot_msgs/msg/detail/robot_status__type_support.h
[0.950s] -- Up-to-date: /home/aa/dev_ws/AIE_Final-main/control/controller_package/install/robot_msgs/include/robot_msgs/robot_msgs/msg/detail/object_pose__struct.h
[0.950s] -- Up-to-date: /home/aa/dev_ws/AIE_Final-main/control/controller_package/install/robot_msgs/include/robot_msgs/robot_msgs/msg/detail/temp_pose__functions.h
[0.950s] -- Up-to-date: /home/aa/dev_ws/AIE_Final-main/control/controller_package/install/robot_msgs/include/robot_msgs/robot_msgs/msg/detail/robot_status__functions.c
[0.950s] -- Up-to-date: /home/aa/dev_ws/AIE_Final-main/control/controller_package/install/robot_msgs/include/robot_msgs/robot_msgs/msg/detail/robot_status__struct.h
[0.950s] -- Up-to-date: /home/aa/dev_ws/AIE_Final-main/control/controller_package/install/robot_msgs/include/robot_msgs/robot_msgs/msg/detail/object_pose__functions.h
[0.950s] -- Up-to-date: /home/aa/dev_ws/AIE_Final-main/control/controller_package/install/robot_msgs/include/robot_msgs/robot_msgs/msg/detail/object_pose__functions.c
[0.950s] -- Up-to-date: /home/aa/dev_ws/AIE_Final-main/control/controller_package/install/robot_msgs/include/robot_msgs/robot_msgs/msg/detail/goal_pose__functions.c
[0.950s] -- Up-to-date: /home/aa/dev_ws/AIE_Final-main/control/controller_package/install/robot_msgs/include/robot_msgs/robot_msgs/msg/detail/temp_pose__struct.h
[0.950s] -- Up-to-date: /home/aa/dev_ws/AIE_Final-main/control/controller_package/install/robot_msgs/share/robot_msgs/environment/library_path.sh
[0.950s] -- Up-to-date: /home/aa/dev_ws/AIE_Final-main/control/controller_package/install/robot_msgs/share/robot_msgs/environment/library_path.dsv
[0.950s] -- Up-to-date: /home/aa/dev_ws/AIE_Final-main/control/controller_package/install/robot_msgs/lib/librobot_msgs__rosidl_generator_c.so
[0.950s] -- Up-to-date: /home/aa/dev_ws/AIE_Final-main/control/controller_package/install/robot_msgs/include/robot_msgs/robot_msgs
[0.950s] -- Up-to-date: /home/aa/dev_ws/AIE_Final-main/control/controller_package/install/robot_msgs/include/robot_msgs/robot_msgs/action
[0.950s] -- Up-to-date: /home/aa/dev_ws/AIE_Final-main/control/controller_package/install/robot_msgs/include/robot_msgs/robot_msgs/action/detail
[0.950s] -- Up-to-date: /home/aa/dev_ws/AIE_Final-main/control/controller_package/install/robot_msgs/include/robot_msgs/robot_msgs/action/detail/move_to_goal__rosidl_typesupport_fastrtps_c.h
[0.950s] -- Up-to-date: /home/aa/dev_ws/AIE_Final-main/control/controller_package/install/robot_msgs/include/robot_msgs/robot_msgs/msg
[0.950s] -- Up-to-date: /home/aa/dev_ws/AIE_Final-main/control/controller_package/install/robot_msgs/include/robot_msgs/robot_msgs/msg/rosidl_typesupport_fastrtps_c__visibility_control.h
[0.950s] -- Up-to-date: /home/aa/dev_ws/AIE_Final-main/control/controller_package/install/robot_msgs/include/robot_msgs/robot_msgs/msg/detail
[0.951s] -- Up-to-date: /home/aa/dev_ws/AIE_Final-main/control/controller_package/install/robot_msgs/include/robot_msgs/robot_msgs/msg/detail/temp_pose__rosidl_typesupport_fastrtps_c.h
[0.951s] -- Up-to-date: /home/aa/dev_ws/AIE_Final-main/control/controller_package/install/robot_msgs/include/robot_msgs/robot_msgs/msg/detail/robot_status__rosidl_typesupport_fastrtps_c.h
[0.951s] -- Up-to-date: /home/aa/dev_ws/AIE_Final-main/control/controller_package/install/robot_msgs/include/robot_msgs/robot_msgs/msg/detail/goal_pose__rosidl_typesupport_fastrtps_c.h
[0.951s] -- Up-to-date: /home/aa/dev_ws/AIE_Final-main/control/controller_package/install/robot_msgs/include/robot_msgs/robot_msgs/msg/detail/object_pose__rosidl_typesupport_fastrtps_c.h
[0.951s] -- Up-to-date: /home/aa/dev_ws/AIE_Final-main/control/controller_package/install/robot_msgs/lib/librobot_msgs__rosidl_typesupport_fastrtps_c.so
[0.951s] -- Up-to-date: /home/aa/dev_ws/AIE_Final-main/control/controller_package/install/robot_msgs/include/robot_msgs/robot_msgs
[0.951s] -- Up-to-date: /home/aa/dev_ws/AIE_Final-main/control/controller_package/install/robot_msgs/include/robot_msgs/robot_msgs/action
[0.951s] -- Up-to-date: /home/aa/dev_ws/AIE_Final-main/control/controller_package/install/robot_msgs/include/robot_msgs/robot_msgs/action/detail
[0.951s] -- Up-to-date: /home/aa/dev_ws/AIE_Final-main/control/controller_package/install/robot_msgs/include/robot_msgs/robot_msgs/action/detail/move_to_goal__type_support.c
[0.951s] -- Up-to-date: /home/aa/dev_ws/AIE_Final-main/control/controller_package/install/robot_msgs/include/robot_msgs/robot_msgs/action/detail/move_to_goal__rosidl_typesupport_introspection_c.h
[0.951s] -- Up-to-date: /home/aa/dev_ws/AIE_Final-main/control/controller_package/install/robot_msgs/include/robot_msgs/robot_msgs/msg
[0.951s] -- Up-to-date: /home/aa/dev_ws/AIE_Final-main/control/controller_package/install/robot_msgs/include/robot_msgs/robot_msgs/msg/rosidl_typesupport_introspection_c__visibility_control.h
[0.952s] -- Up-to-date: /home/aa/dev_ws/AIE_Final-main/control/controller_package/install/robot_msgs/include/robot_msgs/robot_msgs/msg/detail
[0.952s] -- Up-to-date: /home/aa/dev_ws/AIE_Final-main/control/controller_package/install/robot_msgs/include/robot_msgs/robot_msgs/msg/detail/temp_pose__rosidl_typesupport_introspection_c.h
[0.952s] -- Up-to-date: /home/aa/dev_ws/AIE_Final-main/control/controller_package/install/robot_msgs/include/robot_msgs/robot_msgs/msg/detail/object_pose__type_support.c
[0.952s] -- Up-to-date: /home/aa/dev_ws/AIE_Final-main/control/controller_package/install/robot_msgs/include/robot_msgs/robot_msgs/msg/detail/robot_status__type_support.c
[0.952s] -- Up-to-date: /home/aa/dev_ws/AIE_Final-main/control/controller_package/install/robot_msgs/include/robot_msgs/robot_msgs/msg/detail/object_pose__rosidl_typesupport_introspection_c.h
[0.952s] -- Up-to-date: /home/aa/dev_ws/AIE_Final-main/control/controller_package/install/robot_msgs/include/robot_msgs/robot_msgs/msg/detail/goal_pose__rosidl_typesupport_introspection_c.h
[0.952s] -- Up-to-date: /home/aa/dev_ws/AIE_Final-main/control/controller_package/install/robot_msgs/include/robot_msgs/robot_msgs/msg/detail/robot_status__rosidl_typesupport_introspection_c.h
[0.952s] -- Up-to-date: /home/aa/dev_ws/AIE_Final-main/control/controller_package/install/robot_msgs/include/robot_msgs/robot_msgs/msg/detail/goal_pose__type_support.c
[0.952s] -- Up-to-date: /home/aa/dev_ws/AIE_Final-main/control/controller_package/install/robot_msgs/include/robot_msgs/robot_msgs/msg/detail/temp_pose__type_support.c
[0.952s] -- Up-to-date: /home/aa/dev_ws/AIE_Final-main/control/controller_package/install/robot_msgs/lib/librobot_msgs__rosidl_typesupport_introspection_c.so
[0.952s] -- Up-to-date: /home/aa/dev_ws/AIE_Final-main/control/controller_package/install/robot_msgs/lib/librobot_msgs__rosidl_typesupport_c.so
[0.952s] -- Up-to-date: /home/aa/dev_ws/AIE_Final-main/control/controller_package/install/robot_msgs/include/robot_msgs/robot_msgs
[0.952s] -- Up-to-date: /home/aa/dev_ws/AIE_Final-main/control/controller_package/install/robot_msgs/include/robot_msgs/robot_msgs/action
[0.952s] -- Up-to-date: /home/aa/dev_ws/AIE_Final-main/control/controller_package/install/robot_msgs/include/robot_msgs/robot_msgs/action/move_to_goal.hpp
[0.952s] -- Up-to-date: /home/aa/dev_ws/AIE_Final-main/control/controller_package/install/robot_msgs/include/robot_msgs/robot_msgs/action/detail
[0.952s] -- Up-to-date: /home/aa/dev_ws/AIE_Final-main/control/controller_package/install/robot_msgs/include/robot_msgs/robot_msgs/action/detail/move_to_goal__traits.hpp
[0.953s] -- Up-to-date: /home/aa/dev_ws/AIE_Final-main/control/controller_package/install/robot_msgs/include/robot_msgs/robot_msgs/action/detail/move_to_goal__builder.hpp
[0.953s] -- Up-to-date: /home/aa/dev_ws/AIE_Final-main/control/controller_package/install/robot_msgs/include/robot_msgs/robot_msgs/action/detail/move_to_goal__struct.hpp
[0.953s] -- Up-to-date: /home/aa/dev_ws/AIE_Final-main/control/controller_package/install/robot_msgs/include/robot_msgs/robot_msgs/msg
[0.953s] -- Up-to-date: /home/aa/dev_ws/AIE_Final-main/control/controller_package/install/robot_msgs/include/robot_msgs/robot_msgs/msg/object_pose.hpp
[0.953s] -- Up-to-date: /home/aa/dev_ws/AIE_Final-main/control/controller_package/install/robot_msgs/include/robot_msgs/robot_msgs/msg/temp_pose.hpp
[0.953s] -- Up-to-date: /home/aa/dev_ws/AIE_Final-main/control/controller_package/install/robot_msgs/include/robot_msgs/robot_msgs/msg/robot_status.hpp
[0.953s] -- Up-to-date: /home/aa/dev_ws/AIE_Final-main/control/controller_package/install/robot_msgs/include/robot_msgs/robot_msgs/msg/detail
[0.953s] -- Up-to-date: /home/aa/dev_ws/AIE_Final-main/control/controller_package/install/robot_msgs/include/robot_msgs/robot_msgs/msg/detail/goal_pose__traits.hpp
[0.953s] -- Up-to-date: /home/aa/dev_ws/AIE_Final-main/control/controller_package/install/robot_msgs/include/robot_msgs/robot_msgs/msg/detail/object_pose__traits.hpp
[0.953s] -- Up-to-date: /home/aa/dev_ws/AIE_Final-main/control/controller_package/install/robot_msgs/include/robot_msgs/robot_msgs/msg/detail/temp_pose__struct.hpp
[0.953s] -- Up-to-date: /home/aa/dev_ws/AIE_Final-main/control/controller_package/install/robot_msgs/include/robot_msgs/robot_msgs/msg/detail/goal_pose__builder.hpp
[0.953s] -- Up-to-date: /home/aa/dev_ws/AIE_Final-main/control/controller_package/install/robot_msgs/include/robot_msgs/robot_msgs/msg/detail/temp_pose__builder.hpp
[0.953s] -- Up-to-date: /home/aa/dev_ws/AIE_Final-main/control/controller_package/install/robot_msgs/include/robot_msgs/robot_msgs/msg/detail/robot_status__builder.hpp
[0.953s] -- Up-to-date: /home/aa/dev_ws/AIE_Final-main/control/controller_package/install/robot_msgs/include/robot_msgs/robot_msgs/msg/detail/robot_status__traits.hpp
[0.953s] -- Up-to-date: /home/aa/dev_ws/AIE_Final-main/control/controller_package/install/robot_msgs/include/robot_msgs/robot_msgs/msg/detail/object_pose__struct.hpp
[0.953s] -- Up-to-date: /home/aa/dev_ws/AIE_Final-main/control/controller_package/install/robot_msgs/include/robot_msgs/robot_msgs/msg/detail/robot_status__struct.hpp
[0.953s] -- Up-to-date: /home/aa/dev_ws/AIE_Final-main/control/controller_package/install/robot_msgs/include/robot_msgs/robot_msgs/msg/detail/goal_pose__struct.hpp
[0.953s] -- Up-to-date: /home/aa/dev_ws/AIE_Final-main/control/controller_package/install/robot_msgs/include/robot_msgs/robot_msgs/msg/detail/temp_pose__traits.hpp
[0.953s] -- Up-to-date: /home/aa/dev_ws/AIE_Final-main/control/controller_package/install/robot_msgs/include/robot_msgs/robot_msgs/msg/detail/object_pose__builder.hpp
[0.953s] -- Up-to-date: /home/aa/dev_ws/AIE_Final-main/control/controller_package/install/robot_msgs/include/robot_msgs/robot_msgs/msg/goal_pose.hpp
[0.953s] -- Up-to-date: /home/aa/dev_ws/AIE_Final-main/control/controller_package/install/robot_msgs/include/robot_msgs/robot_msgs
[0.954s] -- Up-to-date: /home/aa/dev_ws/AIE_Final-main/control/controller_package/install/robot_msgs/include/robot_msgs/robot_msgs/action
[0.954s] -- Up-to-date: /home/aa/dev_ws/AIE_Final-main/control/controller_package/install/robot_msgs/include/robot_msgs/robot_msgs/action/detail
[0.954s] -- Up-to-date: /home/aa/dev_ws/AIE_Final-main/control/controller_package/install/robot_msgs/include/robot_msgs/robot_msgs/action/detail/dds_fastrtps
[0.954s] -- Up-to-date: /home/aa/dev_ws/AIE_Final-main/control/controller_package/install/robot_msgs/include/robot_msgs/robot_msgs/action/detail/move_to_goal__rosidl_typesupport_fastrtps_cpp.hpp
[0.954s] -- Up-to-date: /home/aa/dev_ws/AIE_Final-main/control/controller_package/install/robot_msgs/include/robot_msgs/robot_msgs/msg
[0.954s] -- Up-to-date: /home/aa/dev_ws/AIE_Final-main/control/controller_package/install/robot_msgs/include/robot_msgs/robot_msgs/msg/rosidl_typesupport_fastrtps_cpp__visibility_control.h
[0.954s] -- Up-to-date: /home/aa/dev_ws/AIE_Final-main/control/controller_package/install/robot_msgs/include/robot_msgs/robot_msgs/msg/detail
[0.954s] -- Up-to-date: /home/aa/dev_ws/AIE_Final-main/control/controller_package/install/robot_msgs/include/robot_msgs/robot_msgs/msg/detail/goal_pose__rosidl_typesupport_fastrtps_cpp.hpp
[0.954s] -- Up-to-date: /home/aa/dev_ws/AIE_Final-main/control/controller_package/install/robot_msgs/include/robot_msgs/robot_msgs/msg/detail/dds_fastrtps
[0.954s] -- Up-to-date: /home/aa/dev_ws/AIE_Final-main/control/controller_package/install/robot_msgs/include/robot_msgs/robot_msgs/msg/detail/robot_status__rosidl_typesupport_fastrtps_cpp.hpp
[0.954s] -- Up-to-date: /home/aa/dev_ws/AIE_Final-main/control/controller_package/install/robot_msgs/include/robot_msgs/robot_msgs/msg/detail/temp_pose__rosidl_typesupport_fastrtps_cpp.hpp
[0.954s] -- Up-to-date: /home/aa/dev_ws/AIE_Final-main/control/controller_package/install/robot_msgs/include/robot_msgs/robot_msgs/msg/detail/object_pose__rosidl_typesupport_fastrtps_cpp.hpp
[0.954s] -- Up-to-date: /home/aa/dev_ws/AIE_Final-main/control/controller_package/install/robot_msgs/lib/librobot_msgs__rosidl_typesupport_fastrtps_cpp.so
[0.954s] -- Up-to-date: /home/aa/dev_ws/AIE_Final-main/control/controller_package/install/robot_msgs/include/robot_msgs/robot_msgs
[0.954s] -- Up-to-date: /home/aa/dev_ws/AIE_Final-main/control/controller_package/install/robot_msgs/include/robot_msgs/robot_msgs/action
[0.954s] -- Up-to-date: /home/aa/dev_ws/AIE_Final-main/control/controller_package/install/robot_msgs/include/robot_msgs/robot_msgs/action/detail
[0.955s] -- Up-to-date: /home/aa/dev_ws/AIE_Final-main/control/controller_package/install/robot_msgs/include/robot_msgs/robot_msgs/action/detail/move_to_goal__type_support.cpp
[0.955s] -- Up-to-date: /home/aa/dev_ws/AIE_Final-main/control/controller_package/install/robot_msgs/include/robot_msgs/robot_msgs/action/detail/move_to_goal__rosidl_typesupport_introspection_cpp.hpp
[0.955s] -- Up-to-date: /home/aa/dev_ws/AIE_Final-main/control/controller_package/install/robot_msgs/include/robot_msgs/robot_msgs/msg
[0.955s] -- Up-to-date: /home/aa/dev_ws/AIE_Final-main/control/controller_package/install/robot_msgs/include/robot_msgs/robot_msgs/msg/detail
[0.955s] -- Up-to-date: /home/aa/dev_ws/AIE_Final-main/control/controller_package/install/robot_msgs/include/robot_msgs/robot_msgs/msg/detail/goal_pose__rosidl_typesupport_introspection_cpp.hpp
[0.955s] -- Up-to-date: /home/aa/dev_ws/AIE_Final-main/control/controller_package/install/robot_msgs/include/robot_msgs/robot_msgs/msg/detail/robot_status__rosidl_typesupport_introspection_cpp.hpp
[0.955s] -- Up-to-date: /home/aa/dev_ws/AIE_Final-main/control/controller_package/install/robot_msgs/include/robot_msgs/robot_msgs/msg/detail/object_pose__type_support.cpp
[0.955s] -- Up-to-date: /home/aa/dev_ws/AIE_Final-main/control/controller_package/install/robot_msgs/include/robot_msgs/robot_msgs/msg/detail/goal_pose__type_support.cpp
[0.955s] -- Up-to-date: /home/aa/dev_ws/AIE_Final-main/control/controller_package/install/robot_msgs/include/robot_msgs/robot_msgs/msg/detail/temp_pose__type_support.cpp
[0.955s] -- Up-to-date: /home/aa/dev_ws/AIE_Final-main/control/controller_package/install/robot_msgs/include/robot_msgs/robot_msgs/msg/detail/object_pose__rosidl_typesupport_introspection_cpp.hpp
[0.955s] -- Up-to-date: /home/aa/dev_ws/AIE_Final-main/control/controller_package/install/robot_msgs/include/robot_msgs/robot_msgs/msg/detail/robot_status__type_support.cpp
[0.955s] -- Up-to-date: /home/aa/dev_ws/AIE_Final-main/control/controller_package/install/robot_msgs/include/robot_msgs/robot_msgs/msg/detail/temp_pose__rosidl_typesupport_introspection_cpp.hpp
[0.955s] -- Up-to-date: /home/aa/dev_ws/AIE_Final-main/control/controller_package/install/robot_msgs/lib/librobot_msgs__rosidl_typesupport_introspection_cpp.so
[0.955s] -- Up-to-date: /home/aa/dev_ws/AIE_Final-main/control/controller_package/install/robot_msgs/lib/librobot_msgs__rosidl_typesupport_cpp.so
[0.955s] -- Up-to-date: /home/aa/dev_ws/AIE_Final-main/control/controller_package/install/robot_msgs/share/robot_msgs/environment/pythonpath.sh
[0.955s] -- Up-to-date: /home/aa/dev_ws/AIE_Final-main/control/controller_package/install/robot_msgs/share/robot_msgs/environment/pythonpath.dsv
[0.955s] -- Up-to-date: /home/aa/dev_ws/AIE_Final-main/control/controller_package/install/robot_msgs/local/lib/python3.10/dist-packages/robot_msgs-0.0.0-py3.10.egg-info
[0.955s] -- Installing: /home/aa/dev_ws/AIE_Final-main/control/controller_package/install/robot_msgs/local/lib/python3.10/dist-packages/robot_msgs-0.0.0-py3.10.egg-info/dependency_links.txt
[0.955s] -- Installing: /home/aa/dev_ws/AIE_Final-main/control/controller_package/install/robot_msgs/local/lib/python3.10/dist-packages/robot_msgs-0.0.0-py3.10.egg-info/SOURCES.txt
[0.955s] -- Installing: /home/aa/dev_ws/AIE_Final-main/control/controller_package/install/robot_msgs/local/lib/python3.10/dist-packages/robot_msgs-0.0.0-py3.10.egg-info/top_level.txt
[0.955s] -- Installing: /home/aa/dev_ws/AIE_Final-main/control/controller_package/install/robot_msgs/local/lib/python3.10/dist-packages/robot_msgs-0.0.0-py3.10.egg-info/PKG-INFO
[0.956s] -- Up-to-date: /home/aa/dev_ws/AIE_Final-main/control/controller_package/install/robot_msgs/local/lib/python3.10/dist-packages/robot_msgs
[0.956s] -- Up-to-date: /home/aa/dev_ws/AIE_Final-main/control/controller_package/install/robot_msgs/local/lib/python3.10/dist-packages/robot_msgs/librobot_msgs__rosidl_generator_py.so
[0.956s] -- Up-to-date: /home/aa/dev_ws/AIE_Final-main/control/controller_package/install/robot_msgs/local/lib/python3.10/dist-packages/robot_msgs/robot_msgs_s__rosidl_typesupport_introspection_c.cpython-310-x86_64-linux-gnu.so
[0.956s] -- Up-to-date: /home/aa/dev_ws/AIE_Final-main/control/controller_package/install/robot_msgs/local/lib/python3.10/dist-packages/robot_msgs/_robot_msgs_s.ep.rosidl_typesupport_c.c
[0.956s] -- Up-to-date: /home/aa/dev_ws/AIE_Final-main/control/controller_package/install/robot_msgs/local/lib/python3.10/dist-packages/robot_msgs/_robot_msgs_s.ep.rosidl_typesupport_fastrtps_c.c
[0.956s] -- Up-to-date: /home/aa/dev_ws/AIE_Final-main/control/controller_package/install/robot_msgs/local/lib/python3.10/dist-packages/robot_msgs/action
[0.956s] -- Up-to-date: /home/aa/dev_ws/AIE_Final-main/control/controller_package/install/robot_msgs/local/lib/python3.10/dist-packages/robot_msgs/action/__init__.py
[0.956s] -- Up-to-date: /home/aa/dev_ws/AIE_Final-main/control/controller_package/install/robot_msgs/local/lib/python3.10/dist-packages/robot_msgs/action/_move_to_goal.py
[0.956s] -- Up-to-date: /home/aa/dev_ws/AIE_Final-main/control/controller_package/install/robot_msgs/local/lib/python3.10/dist-packages/robot_msgs/action/_move_to_goal_s.c
[0.956s] -- Up-to-date: /home/aa/dev_ws/AIE_Final-main/control/controller_package/install/robot_msgs/local/lib/python3.10/dist-packages/robot_msgs/_robot_msgs_s.ep.rosidl_typesupport_introspection_c.c
[0.956s] -- Up-to-date: /home/aa/dev_ws/AIE_Final-main/control/controller_package/install/robot_msgs/local/lib/python3.10/dist-packages/robot_msgs/__init__.py
[0.956s] -- Up-to-date: /home/aa/dev_ws/AIE_Final-main/control/controller_package/install/robot_msgs/local/lib/python3.10/dist-packages/robot_msgs/robot_msgs_s__rosidl_typesupport_fastrtps_c.cpython-310-x86_64-linux-gnu.so
[0.956s] -- Up-to-date: /home/aa/dev_ws/AIE_Final-main/control/controller_package/install/robot_msgs/local/lib/python3.10/dist-packages/robot_msgs/robot_msgs_s__rosidl_typesupport_c.cpython-310-x86_64-linux-gnu.so
[0.956s] -- Up-to-date: /home/aa/dev_ws/AIE_Final-main/control/controller_package/install/robot_msgs/local/lib/python3.10/dist-packages/robot_msgs/msg
[0.956s] -- Up-to-date: /home/aa/dev_ws/AIE_Final-main/control/controller_package/install/robot_msgs/local/lib/python3.10/dist-packages/robot_msgs/msg/_object_pose_s.c
[0.956s] -- Up-to-date: /home/aa/dev_ws/AIE_Final-main/control/controller_package/install/robot_msgs/local/lib/python3.10/dist-packages/robot_msgs/msg/_goal_pose_s.c
[0.957s] -- Up-to-date: /home/aa/dev_ws/AIE_Final-main/control/controller_package/install/robot_msgs/local/lib/python3.10/dist-packages/robot_msgs/msg/_robot_status_s.c
[0.957s] -- Up-to-date: /home/aa/dev_ws/AIE_Final-main/control/controller_package/install/robot_msgs/local/lib/python3.10/dist-packages/robot_msgs/msg/_goal_pose.py
[0.957s] -- Up-to-date: /home/aa/dev_ws/AIE_Final-main/control/controller_package/install/robot_msgs/local/lib/python3.10/dist-packages/robot_msgs/msg/__init__.py
[0.957s] -- Up-to-date: /home/aa/dev_ws/AIE_Final-main/control/controller_package/install/robot_msgs/local/lib/python3.10/dist-packages/robot_msgs/msg/_robot_status.py
[0.957s] -- Up-to-date: /home/aa/dev_ws/AIE_Final-main/control/controller_package/install/robot_msgs/local/lib/python3.10/dist-packages/robot_msgs/msg/_temp_pose_s.c
[0.957s] -- Up-to-date: /home/aa/dev_ws/AIE_Final-main/control/controller_package/install/robot_msgs/local/lib/python3.10/dist-packages/robot_msgs/msg/_temp_pose.py
[0.957s] -- Up-to-date: /home/aa/dev_ws/AIE_Final-main/control/controller_package/install/robot_msgs/local/lib/python3.10/dist-packages/robot_msgs/msg/_object_pose.py
[1.005s] Listing '/home/aa/dev_ws/AIE_Final-main/control/controller_package/install/robot_msgs/local/lib/python3.10/dist-packages/robot_msgs'...
[1.005s] Listing '/home/aa/dev_ws/AIE_Final-main/control/controller_package/install/robot_msgs/local/lib/python3.10/dist-packages/robot_msgs/action'...
[1.005s] Listing '/home/aa/dev_ws/AIE_Final-main/control/controller_package/install/robot_msgs/local/lib/python3.10/dist-packages/robot_msgs/msg'...
[1.010s] -- Up-to-date: /home/aa/dev_ws/AIE_Final-main/control/controller_package/install/robot_msgs/local/lib/python3.10/dist-packages/robot_msgs/robot_msgs_s__rosidl_typesupport_fastrtps_c.cpython-310-x86_64-linux-gnu.so
[1.010s] -- Up-to-date: /home/aa/dev_ws/AIE_Final-main/control/controller_package/install/robot_msgs/local/lib/python3.10/dist-packages/robot_msgs/robot_msgs_s__rosidl_typesupport_introspection_c.cpython-310-x86_64-linux-gnu.so
[1.010s] -- Up-to-date: /home/aa/dev_ws/AIE_Final-main/control/controller_package/install/robot_msgs/local/lib/python3.10/dist-packages/robot_msgs/robot_msgs_s__rosidl_typesupport_c.cpython-310-x86_64-linux-gnu.so
[1.010s] -- Up-to-date: /home/aa/dev_ws/AIE_Final-main/control/controller_package/install/robot_msgs/lib/librobot_msgs__rosidl_generator_py.so
[1.010s] -- Up-to-date: /home/aa/dev_ws/AIE_Final-main/control/controller_package/install/robot_msgs/share/robot_msgs/msg/ObjectPose.idl
[1.010s] -- Up-to-date: /home/aa/dev_ws/AIE_Final-main/control/controller_package/install/robot_msgs/share/robot_msgs/msg/GoalPose.idl
[1.011s] -- Up-to-date: /home/aa/dev_ws/AIE_Final-main/control/controller_package/install/robot_msgs/share/robot_msgs/msg/TempPose.idl
[1.011s] -- Up-to-date: /home/aa/dev_ws/AIE_Final-main/control/controller_package/install/robot_msgs/share/robot_msgs/msg/RobotStatus.idl
[1.011s] -- Up-to-date: /home/aa/dev_ws/AIE_Final-main/control/controller_package/install/robot_msgs/share/robot_msgs/action/MoveToGoal.idl
[1.011s] -- Up-to-date: /home/aa/dev_ws/AIE_Final-main/control/controller_package/install/robot_msgs/share/robot_msgs/msg/ObjectPose.msg
[1.011s] -- Up-to-date: /home/aa/dev_ws/AIE_Final-main/control/controller_package/install/robot_msgs/share/robot_msgs/msg/GoalPose.msg
[1.011s] -- Up-to-date: /home/aa/dev_ws/AIE_Final-main/control/controller_package/install/robot_msgs/share/robot_msgs/msg/TempPose.msg
[1.011s] -- Up-to-date: /home/aa/dev_ws/AIE_Final-main/control/controller_package/install/robot_msgs/share/robot_msgs/msg/RobotStatus.msg
[1.011s] -- Up-to-date: /home/aa/dev_ws/AIE_Final-main/control/controller_package/install/robot_msgs/share/robot_msgs/action/MoveToGoal.action
[1.011s] -- Up-to-date: /home/aa/dev_ws/AIE_Final-main/control/controller_package/install/robot_msgs/share/ament_index/resource_index/package_run_dependencies/robot_msgs
[1.011s] -- Up-to-date: /home/aa/dev_ws/AIE_Final-main/control/controller_package/install/robot_msgs/share/ament_index/resource_index/parent_prefix_path/robot_msgs
[1.011s] -- Up-to-date: /home/aa/dev_ws/AIE_Final-main/control/controller_package/install/robot_msgs/share/robot_msgs/environment/ament_prefix_path.sh
[1.011s] -- Up-to-date: /home/aa/dev_ws/AIE_Final-main/control/controller_package/install/robot_msgs/share/robot_msgs/environment/ament_prefix_path.dsv
[1.011s] -- Up-to-date: /home/aa/dev_ws/AIE_Final-main/control/controller_package/install/robot_msgs/share/robot_msgs/environment/path.sh
[1.011s] -- Up-to-date: /home/aa/dev_ws/AIE_Final-main/control/controller_package/install/robot_msgs/share/robot_msgs/environment/path.dsv
[1.011s] -- Up-to-date: /home/aa/dev_ws/AIE_Final-main/control/controller_package/install/robot_msgs/share/robot_msgs/local_setup.bash
[1.012s] -- Up-to-date: /home/aa/dev_ws/AIE_Final-main/control/controller_package/install/robot_msgs/share/robot_msgs/local_setup.sh
[1.012s] -- Up-to-date: /home/aa/dev_ws/AIE_Final-main/control/controller_package/install/robot_msgs/share/robot_msgs/local_setup.zsh
[1.012s] -- Up-to-date: /home/aa/dev_ws/AIE_Final-main/control/controller_package/install/robot_msgs/share/robot_msgs/local_setup.dsv
[1.012s] -- Installing: /home/aa/dev_ws/AIE_Final-main/control/controller_package/install/robot_msgs/share/robot_msgs/package.dsv
[1.012s] -- Up-to-date: /home/aa/dev_ws/AIE_Final-main/control/controller_package/install/robot_msgs/share/ament_index/resource_index/packages/robot_msgs
[1.012s] -- Up-to-date: /home/aa/dev_ws/AIE_Final-main/control/controller_package/install/robot_msgs/share/robot_msgs/cmake/export_robot_msgs__rosidl_generator_cExport.cmake
[1.012s] -- Up-to-date: /home/aa/dev_ws/AIE_Final-main/control/controller_package/install/robot_msgs/share/robot_msgs/cmake/export_robot_msgs__rosidl_generator_cExport-noconfig.cmake
[1.012s] -- Up-to-date: /home/aa/dev_ws/AIE_Final-main/control/controller_package/install/robot_msgs/share/robot_msgs/cmake/export_robot_msgs__rosidl_typesupport_fastrtps_cExport.cmake
[1.012s] -- Up-to-date: /home/aa/dev_ws/AIE_Final-main/control/controller_package/install/robot_msgs/share/robot_msgs/cmake/export_robot_msgs__rosidl_typesupport_fastrtps_cExport-noconfig.cmake
[1.012s] -- Up-to-date: /home/aa/dev_ws/AIE_Final-main/control/controller_package/install/robot_msgs/share/robot_msgs/cmake/robot_msgs__rosidl_typesupport_introspection_cExport.cmake
[1.012s] -- Up-to-date: /home/aa/dev_ws/AIE_Final-main/control/controller_package/install/robot_msgs/share/robot_msgs/cmake/robot_msgs__rosidl_typesupport_introspection_cExport-noconfig.cmake
[1.012s] -- Up-to-date: /home/aa/dev_ws/AIE_Final-main/control/controller_package/install/robot_msgs/share/robot_msgs/cmake/robot_msgs__rosidl_typesupport_cExport.cmake
[1.012s] -- Up-to-date: /home/aa/dev_ws/AIE_Final-main/control/controller_package/install/robot_msgs/share/robot_msgs/cmake/robot_msgs__rosidl_typesupport_cExport-noconfig.cmake
[1.012s] -- Up-to-date: /home/aa/dev_ws/AIE_Final-main/control/controller_package/install/robot_msgs/share/robot_msgs/cmake/export_robot_msgs__rosidl_generator_cppExport.cmake
[1.012s] -- Up-to-date: /home/aa/dev_ws/AIE_Final-main/control/controller_package/install/robot_msgs/share/robot_msgs/cmake/export_robot_msgs__rosidl_typesupport_fastrtps_cppExport.cmake
[1.012s] -- Up-to-date: /home/aa/dev_ws/AIE_Final-main/control/controller_package/install/robot_msgs/share/robot_msgs/cmake/export_robot_msgs__rosidl_typesupport_fastrtps_cppExport-noconfig.cmake
[1.012s] -- Up-to-date: /home/aa/dev_ws/AIE_Final-main/control/controller_package/install/robot_msgs/share/robot_msgs/cmake/robot_msgs__rosidl_typesupport_introspection_cppExport.cmake
[1.012s] -- Up-to-date: /home/aa/dev_ws/AIE_Final-main/control/controller_package/install/robot_msgs/share/robot_msgs/cmake/robot_msgs__rosidl_typesupport_introspection_cppExport-noconfig.cmake
[1.013s] -- Up-to-date: /home/aa/dev_ws/AIE_Final-main/control/controller_package/install/robot_msgs/share/robot_msgs/cmake/robot_msgs__rosidl_typesupport_cppExport.cmake
[1.013s] -- Up-to-date: /home/aa/dev_ws/AIE_Final-main/control/controller_package/install/robot_msgs/share/robot_msgs/cmake/robot_msgs__rosidl_typesupport_cppExport-noconfig.cmake
[1.013s] -- Up-to-date: /home/aa/dev_ws/AIE_Final-main/control/controller_package/install/robot_msgs/share/robot_msgs/cmake/export_robot_msgs__rosidl_generator_pyExport.cmake
[1.013s] -- Up-to-date: /home/aa/dev_ws/AIE_Final-main/control/controller_package/install/robot_msgs/share/robot_msgs/cmake/export_robot_msgs__rosidl_generator_pyExport-noconfig.cmake
[1.013s] -- Up-to-date: /home/aa/dev_ws/AIE_Final-main/control/controller_package/install/robot_msgs/share/robot_msgs/cmake/rosidl_cmake-extras.cmake
[1.013s] -- Up-to-date: /home/aa/dev_ws/AIE_Final-main/control/controller_package/install/robot_msgs/share/robot_msgs/cmake/ament_cmake_export_dependencies-extras.cmake
[1.013s] -- Up-to-date: /home/aa/dev_ws/AIE_Final-main/control/controller_package/install/robot_msgs/share/robot_msgs/cmake/ament_cmake_export_include_directories-extras.cmake
[1.013s] -- Up-to-date: /home/aa/dev_ws/AIE_Final-main/control/controller_package/install/robot_msgs/share/robot_msgs/cmake/ament_cmake_export_libraries-extras.cmake
[1.013s] -- Up-to-date: /home/aa/dev_ws/AIE_Final-main/control/controller_package/install/robot_msgs/share/robot_msgs/cmake/ament_cmake_export_targets-extras.cmake
[1.013s] -- Up-to-date: /home/aa/dev_ws/AIE_Final-main/control/controller_package/install/robot_msgs/share/robot_msgs/cmake/rosidl_cmake_export_typesupport_targets-extras.cmake
[1.013s] -- Up-to-date: /home/aa/dev_ws/AIE_Final-main/control/controller_package/install/robot_msgs/share/robot_msgs/cmake/rosidl_cmake_export_typesupport_libraries-extras.cmake
[1.013s] -- Up-to-date: /home/aa/dev_ws/AIE_Final-main/control/controller_package/install/robot_msgs/share/robot_msgs/cmake/robot_msgsConfig.cmake
[1.013s] -- Up-to-date: /home/aa/dev_ws/AIE_Final-main/control/controller_package/install/robot_msgs/share/robot_msgs/cmake/robot_msgsConfig-version.cmake
[1.013s] -- Up-to-date: /home/aa/dev_ws/AIE_Final-main/control/controller_package/install/robot_msgs/share/robot_msgs/package.xml
[1.014s] Invoked command in '/home/aa/dev_ws/AIE_Final-main/control/controller_package/build/robot_msgs' returned '0': CMAKE_PREFIX_PATH=${CMAKE_PREFIX_PATH}:/opt/ros/humble:/home/aa/dev_ws/AIE_Final-main/control/controller_package/install/task_manager:/home/aa/dev_ws/AIE_Final-main/control/controller_package/install/robot_controller:/home/aa/dev_ws/AIE_Final-main/control/controller_package/install/final_project_package /usr/bin/cmake --install /home/aa/dev_ws/AIE_Final-main/control/controller_package/build/robot_msgs
