[1.089s] Invoking command in '/home/aa/dev_ws/AIE_Final-main/control/controller_package/src/final_project_package': PYTHONPATH=/home/aa/dev_ws/AIE_Final-main/control/controller_package/build/final_project_package/prefix_override:/usr/lib/python3/dist-packages/colcon_core/task/python/colcon_distutils_commands:/home/aa/dev_ws/AIE_Final-main/control/controller_package/install/final_project_package/lib/python3.10/site-packages:${PYTHONPATH} /usr/bin/python3 -W ignore:setup.py install is deprecated setup.py egg_info --egg-base ../../build/final_project_package build --build-base /home/aa/dev_ws/AIE_Final-main/control/controller_package/build/final_project_package/build install --record /home/aa/dev_ws/AIE_Final-main/control/controller_package/build/final_project_package/install.log --single-version-externally-managed install_data
[1.332s] running egg_info
[1.333s] creating ../../build/final_project_package/final_project_package.egg-info
[1.333s] writing ../../build/final_project_package/final_project_package.egg-info/PKG-INFO
[1.333s] writing dependency_links to ../../build/final_project_package/final_project_package.egg-info/dependency_links.txt
[1.334s] writing entry points to ../../build/final_project_package/final_project_package.egg-info/entry_points.txt
[1.334s] writing requirements to ../../build/final_project_package/final_project_package.egg-info/requires.txt
[1.334s] writing top-level names to ../../build/final_project_package/final_project_package.egg-info/top_level.txt
[1.334s] writing manifest file '../../build/final_project_package/final_project_package.egg-info/SOURCES.txt'
[1.336s] reading manifest file '../../build/final_project_package/final_project_package.egg-info/SOURCES.txt'
[1.336s] writing manifest file '../../build/final_project_package/final_project_package.egg-info/SOURCES.txt'
[1.337s] running build
[1.337s] running build_py
[1.337s] creating /home/aa/dev_ws/AIE_Final-main/control/controller_package/build/final_project_package/build
[1.337s] creating /home/aa/dev_ws/AIE_Final-main/control/controller_package/build/final_project_package/build/lib
[1.337s] creating /home/aa/dev_ws/AIE_Final-main/control/controller_package/build/final_project_package/build/lib/final_project_package
[1.337s] copying final_project_package/object_data_publisher.py -> /home/aa/dev_ws/AIE_Final-main/control/controller_package/build/final_project_package/build/lib/final_project_package
[1.338s] copying final_project_package/__init__.py -> /home/aa/dev_ws/AIE_Final-main/control/controller_package/build/final_project_package/build/lib/final_project_package
[1.338s] running install
[1.338s] running install_lib
[1.339s] creating /home/aa/dev_ws/AIE_Final-main/control/controller_package/install/final_project_package/lib/python3.10/site-packages/final_project_package
[1.339s] copying /home/aa/dev_ws/AIE_Final-main/control/controller_package/build/final_project_package/build/lib/final_project_package/object_data_publisher.py -> /home/aa/dev_ws/AIE_Final-main/control/controller_package/install/final_project_package/lib/python3.10/site-packages/final_project_package
[1.339s] copying /home/aa/dev_ws/AIE_Final-main/control/controller_package/build/final_project_package/build/lib/final_project_package/__init__.py -> /home/aa/dev_ws/AIE_Final-main/control/controller_package/install/final_project_package/lib/python3.10/site-packages/final_project_package
[1.339s] byte-compiling /home/aa/dev_ws/AIE_Final-main/control/controller_package/install/final_project_package/lib/python3.10/site-packages/final_project_package/object_data_publisher.py to object_data_publisher.cpython-310.pyc
[1.341s] byte-compiling /home/aa/dev_ws/AIE_Final-main/control/controller_package/install/final_project_package/lib/python3.10/site-packages/final_project_package/__init__.py to __init__.cpython-310.pyc
[1.342s] running install_data
[1.342s] creating /home/aa/dev_ws/AIE_Final-main/control/controller_package/install/final_project_package/share/ament_index
[1.342s] creating /home/aa/dev_ws/AIE_Final-main/control/controller_package/install/final_project_package/share/ament_index/resource_index
[1.342s] creating /home/aa/dev_ws/AIE_Final-main/control/controller_package/install/final_project_package/share/ament_index/resource_index/packages
[1.342s] copying resource/final_project_package -> /home/aa/dev_ws/AIE_Final-main/control/controller_package/install/final_project_package/share/ament_index/resource_index/packages
[1.342s] copying package.xml -> /home/aa/dev_ws/AIE_Final-main/control/controller_package/install/final_project_package/share/final_project_package
[1.342s] running install_egg_info
[1.344s] Copying ../../build/final_project_package/final_project_package.egg-info to /home/aa/dev_ws/AIE_Final-main/control/controller_package/install/final_project_package/lib/python3.10/site-packages/final_project_package-0.0.0-py3.10.egg-info
[1.344s] running install_scripts
[1.366s] Installing object_data_publisher script to /home/aa/dev_ws/AIE_Final-main/control/controller_package/install/final_project_package/lib/final_project_package
[1.366s] writing list of installed files to '/home/aa/dev_ws/AIE_Final-main/control/controller_package/build/final_project_package/install.log'
[1.395s] Invoked command in '/home/aa/dev_ws/AIE_Final-main/control/controller_package/src/final_project_package' returned '0': PYTHONPATH=/home/aa/dev_ws/AIE_Final-main/control/controller_package/build/final_project_package/prefix_override:/usr/lib/python3/dist-packages/colcon_core/task/python/colcon_distutils_commands:/home/aa/dev_ws/AIE_Final-main/control/controller_package/install/final_project_package/lib/python3.10/site-packages:${PYTHONPATH} /usr/bin/python3 -W ignore:setup.py install is deprecated setup.py egg_info --egg-base ../../build/final_project_package build --build-base /home/aa/dev_ws/AIE_Final-main/control/controller_package/build/final_project_package/build install --record /home/aa/dev_ws/AIE_Final-main/control/controller_package/build/final_project_package/install.log --single-version-externally-managed install_data
